# JRE version: Java(TM) SE Runtime Environment (8.0_77-b03) (build 1.8.0_77-b03)
# Java VM: Java HotSpot(TM) 64-Bit Server VM (25.77-b03 mixed mode bsd-amd64 compressed oops)
Heap:
 PSYoungGen      total 254976K, used 14907K [0x0000000795580000, 0x00000007b0100000, 0x00000007c0000000)
  eden space 243712K, 6% used [0x0000000795580000,0x00000007963fefb0,0x00000007a4380000)
  from space 11264K, 0% used [0x00000007aeb00000,0x00000007aeb10000,0x00000007af600000)
  to   space 11264K, 0% used [0x00000007af600000,0x00000007af600000,0x00000007b0100000)
 ParOldGen       total 87552K, used 16087K [0x0000000740000000, 0x0000000745580000, 0x0000000795580000)
  object space 87552K, 18% used [0x0000000740000000,0x0000000740fb5c68,0x0000000745580000)
 Metaspace       used 18196K, capacity 18810K, committed 18944K, reserved 1064960K
  class space    used 2328K, capacity 2509K, committed 2560K, reserved 1048576K
GC Heap History (10 events):
Event: 13.632 GC heap before
{Heap before GC invocations=7 (full 0):
 PSYoungGen      total 143872K, used 138267K [0x0000000795580000, 0x000000079ee80000, 0x00000007c0000000)
  eden space 133120K, 100% used [0x0000000795580000,0x000000079d780000,0x000000079d780000)
  from space 10752K, 47% used [0x000000079e400000,0x000000079e906f80,0x000000079ee80000)
  to   space 11776K, 0% used [0x000000079d780000,0x000000079d780000,0x000000079e300000)
 ParOldGen       total 87552K, used 10888K [0x0000000740000000, 0x0000000745580000, 0x0000000795580000)
  object space 87552K, 12% used [0x0000000740000000,0x0000000740aa2020,0x0000000745580000)
 Metaspace       used 18138K, capacity 18762K, committed 18944K, reserved 1064960K
  class space    used 2321K, capacity 2499K, committed 2560K, reserved 1048576K
Event: 13.640 GC heap after
Heap after GC invocations=7 (full 0):
 PSYoungGen      total 144896K, used 4667K [0x0000000795580000, 0x00000007a6f80000, 0x00000007c0000000)
  eden space 133120K, 0% used [0x0000000795580000,0x0000000795580000,0x000000079d780000)
  from space 11776K, 39% used [0x000000079d780000,0x000000079dc0ef80,0x000000079e300000)
  to   space 11264K, 0% used [0x00000007a6480000,0x00000007a6480000,0x00000007a6f80000)
 ParOldGen       total 87552K, used 11365K [0x0000000740000000, 0x0000000745580000, 0x0000000795580000)
  object space 87552K, 12% used [0x0000000740000000,0x0000000740b194b8,0x0000000745580000)
 Metaspace       used 18138K, capacity 18762K, committed 18944K, reserved 1064960K
  class space    used 2321K, capacity 2499K, committed 2560K, reserved 1048576K
}
Event: 18.463 GC heap before
{Heap before GC invocations=8 (full 0):
 PSYoungGen      total 144896K, used 137787K [0x0000000795580000, 0x00000007a6f80000, 0x00000007c0000000)
  eden space 133120K, 100% used [0x0000000795580000,0x000000079d780000,0x000000079d780000)
  from space 11776K, 39% used [0x000000079d780000,0x000000079dc0ef80,0x000000079e300000)
  to   space 11264K, 0% used [0x00000007a6480000,0x00000007a6480000,0x00000007a6f80000)
 ParOldGen       total 87552K, used 11365K [0x0000000740000000, 0x0000000745580000, 0x0000000795580000)
  object space 87552K, 12% used [0x0000000740000000,0x0000000740b194b8,0x0000000745580000)
 Metaspace       used 18165K, capacity 18762K, committed 18944K, reserved 1064960K
  class space    used 2321K, capacity 2499K, committed 2560K, reserved 1048576K
Event: 18.477 GC heap after
Heap after GC invocations=8 (full 0):
 PSYoungGen      total 276480K, used 4187K [0x0000000795580000, 0x00000007a6e80000, 0x00000007c0000000)
  eden space 266240K, 0% used [0x0000000795580000,0x0000000795580000,0x00000007a5980000)
  from space 10240K, 40% used [0x00000007a6480000,0x00000007a6896f80,0x00000007a6e80000)
  to   space 10752K, 0% used [0x00000007a5980000,0x00000007a5980000,0x00000007a6400000)
 ParOldGen       total 87552K, used 11911K [0x0000000740000000, 0x0000000745580000, 0x0000000795580000)
  object space 87552K, 13% used [0x0000000740000000,0x0000000740ba1cd8,0x0000000745580000)
 Metaspace       used 18165K, capacity 18762K, committed 18944K, reserved 1064960K
  class space    used 2321K, capacity 2499K, committed 2560K, reserved 1048576K
}
Event: 23.396 GC heap before
{Heap before GC invocations=9 (full 0):
 PSYoungGen      total 276480K, used 270427K [0x0000000795580000, 0x00000007a6e80000, 0x00000007c0000000)
  eden space 266240K, 100% used [0x0000000795580000,0x00000007a5980000,0x00000007a5980000)
  from space 10240K, 40% used [0x00000007a6480000,0x00000007a6896f80,0x00000007a6e80000)
  to   space 10752K, 0% used [0x00000007a5980000,0x00000007a5980000,0x00000007a6400000)
 ParOldGen       total 87552K, used 11911K [0x0000000740000000, 0x0000000745580000, 0x0000000795580000)
  object space 87552K, 13% used [0x0000000740000000,0x0000000740ba1cd8,0x0000000745580000)
 Metaspace       used 18171K, capacity 18768K, committed 18944K, reserved 1064960K
  class space    used 2322K, capacity 2500K, committed 2560K, reserved 1048576K
Event: 23.399 GC heap after
Heap after GC invocations=9 (full 0):
 PSYoungGen      total 276992K, used 96K [0x0000000795580000, 0x00000007b0b80000, 0x00000007c0000000)
  eden space 266240K, 0% used [0x0000000795580000,0x0000000795580000,0x00000007a5980000)
  from space 10752K, 0% used [0x00000007a5980000,0x00000007a5998000,0x00000007a6400000)
  to   space 11264K, 0% used [0x00000007b0080000,0x00000007b0080000,0x00000007b0b80000)
 ParOldGen       total 87552K, used 16039K [0x0000000740000000, 0x0000000745580000, 0x0000000795580000)
  object space 87552K, 18% used [0x0000000740000000,0x0000000740fa9c68,0x0000000745580000)
 Metaspace       used 18171K, capacity 18768K, committed 18944K, reserved 1064960K
  class space    used 2322K, capacity 2500K, committed 2560K, reserved 1048576K
}
Event: 28.294 GC heap before
{Heap before GC invocations=10 (full 0):
 PSYoungGen      total 276992K, used 266336K [0x0000000795580000, 0x00000007b0b80000, 0x00000007c0000000)
  eden space 266240K, 100% used [0x0000000795580000,0x00000007a5980000,0x00000007a5980000)
  from space 10752K, 0% used [0x00000007a5980000,0x00000007a5998000,0x00000007a6400000)
  to   space 11264K, 0% used [0x00000007b0080000,0x00000007b0080000,0x00000007b0b80000)
 ParOldGen       total 87552K, used 16039K [0x0000000740000000, 0x0000000745580000, 0x0000000795580000)
  object space 87552K, 18% used [0x0000000740000000,0x0000000740fa9c68,0x0000000745580000)
 Metaspace       used 18175K, capacity 18768K, committed 18944K, reserved 1064960K
  class space    used 2322K, capacity 2500K, committed 2560K, reserved 1048576K
Event: 28.296 GC heap after
Heap after GC invocations=10 (full 0):
 PSYoungGen      total 254976K, used 64K [0x0000000795580000, 0x00000007b0100000, 0x00000007c0000000)
  eden space 254464K, 0% used [0x0000000795580000,0x0000000795580000,0x00000007a4e00000)
  from space 512K, 12% used [0x00000007b0080000,0x00000007b0090000,0x00000007b0100000)
  to   space 11264K, 0% used [0x00000007aeb00000,0x00000007aeb00000,0x00000007af600000)
 ParOldGen       total 87552K, used 16055K [0x0000000740000000, 0x0000000745580000, 0x0000000795580000)
  object space 87552K, 18% used [0x0000000740000000,0x0000000740fadc68,0x0000000745580000)
 Metaspace       used 18175K, capacity 18768K, committed 18944K, reserved 1064960K
  class space    used 2322K, capacity 2500K, committed 2560K, reserved 1048576K
}
Event: 33.212 GC heap before
{Heap before GC invocations=11 (full 0):
 PSYoungGen      total 254976K, used 254528K [0x0000000795580000, 0x00000007b0100000, 0x00000007c0000000)
  eden space 254464K, 100% used [0x0000000795580000,0x00000007a4e00000,0x00000007a4e00000)
  from space 512K, 12% used [0x00000007b0080000,0x00000007b0090000,0x00000007b0100000)
  to   space 11264K, 0% used [0x00000007aeb00000,0x00000007aeb00000,0x00000007af600000)
 ParOldGen       total 87552K, used 16055K [0x0000000740000000, 0x0000000745580000, 0x0000000795580000)
  object space 87552K, 18% used [0x0000000740000000,0x0000000740fadc68,0x0000000745580000)
 Metaspace       used 18178K, capacity 18768K, committed 18944K, reserved 1064960K
  class space    used 2322K, capacity 2500K, committed 2560K, reserved 1048576K
Event: 33.213 GC heap after
Heap after GC invocations=11 (full 0):
 PSYoungGen      total 254976K, used 64K [0x0000000795580000, 0x00000007b0100000, 0x00000007c0000000)
  eden space 243712K, 0% used [0x0000000795580000,0x0000000795580000,0x00000007a4380000)
  from space 11264K, 0% used [0x00000007aeb00000,0x00000007aeb10000,0x00000007af600000)
  to   space 11264K, 0% used [0x00000007af600000,0x00000007af600000,0x00000007b0100000)
 ParOldGen       total 87552K, used 16087K [0x0000000740000000, 0x0000000745580000, 0x0000000795580000)
  object space 87552K, 18% used [0x0000000740000000,0x0000000740fb5c68,0x0000000745580000)
 Metaspace       used 18178K, capacity 18768K, committed 18944K, reserved 1064960K
  class space    used 2322K, capacity 2500K, committed 2560K, reserved 1048576K
}

