# JRE version: Java(TM) SE Runtime Environment (8.0_77-b03) (build 1.8.0_77-b03)
# Java VM: Java HotSpot(TM) 64-Bit Server VM (25.77-b03 mixed mode bsd-amd64 compressed oops)
Heap:
 PSYoungGen      total 45056K, used 4283K [0x0000000795580000, 0x0000000799100000, 0x00000007c0000000)
  eden space 30208K, 13% used [0x0000000795580000,0x0000000795996f78,0x0000000797300000)
  from space 14848K, 0% used [0x0000000798280000,0x0000000798298000,0x0000000799100000)
  to   space 15360K, 0% used [0x0000000797300000,0x0000000797300000,0x0000000798200000)
 ParOldGen       total 87552K, used 21655K [0x0000000740000000, 0x0000000745580000, 0x0000000795580000)
  object space 87552K, 24% used [0x0000000740000000,0x0000000741525fe8,0x0000000745580000)
 Metaspace       used 18517K, capacity 19212K, committed 19456K, reserved 1067008K
  class space    used 2340K, capacity 2550K, committed 2560K, reserved 1048576K
GC Heap History (10 events):
Event: 15.764 GC heap before
{Heap before GC invocations=6 (full 0):
 PSYoungGen      total 37888K, used 37871K [0x0000000795580000, 0x0000000799480000, 0x00000007c0000000)
  eden space 32768K, 100% used [0x0000000795580000,0x0000000797580000,0x0000000797580000)
  from space 5120K, 99% used [0x0000000797600000,0x0000000797afbf88,0x0000000797b00000)
  to   space 15872K, 0% used [0x0000000798500000,0x0000000798500000,0x0000000799480000)
 ParOldGen       total 87552K, used 16466K [0x0000000740000000, 0x0000000745580000, 0x0000000795580000)
  object space 87552K, 18% used [0x0000000740000000,0x0000000741014928,0x0000000745580000)
 Metaspace       used 18460K, capacity 19144K, committed 19456K, reserved 1067008K
  class space    used 2333K, capacity 2510K, committed 2560K, reserved 1048576K
Event: 15.771 GC heap after
Heap after GC invocations=6 (full 0):
 PSYoungGen      total 46592K, used 5247K [0x0000000795580000, 0x0000000799300000, 0x00000007c0000000)
  eden space 32256K, 0% used [0x0000000795580000,0x0000000795580000,0x0000000797500000)
  from space 14336K, 36% used [0x0000000798500000,0x0000000798a1ff58,0x0000000799300000)
  to   space 15360K, 0% used [0x0000000797500000,0x0000000797500000,0x0000000798400000)
 ParOldGen       total 87552K, used 16466K [0x0000000740000000, 0x0000000745580000, 0x0000000795580000)
  object space 87552K, 18% used [0x0000000740000000,0x0000000741014928,0x0000000745580000)
 Metaspace       used 18460K, capacity 19144K, committed 19456K, reserved 1067008K
  class space    used 2333K, capacity 2510K, committed 2560K, reserved 1048576K
}
Event: 20.755 GC heap before
{Heap before GC invocations=7 (full 0):
 PSYoungGen      total 46592K, used 37503K [0x0000000795580000, 0x0000000799300000, 0x00000007c0000000)
  eden space 32256K, 100% used [0x0000000795580000,0x0000000797500000,0x0000000797500000)
  from space 14336K, 36% used [0x0000000798500000,0x0000000798a1ff58,0x0000000799300000)
  to   space 15360K, 0% used [0x0000000797500000,0x0000000797500000,0x0000000798400000)
 ParOldGen       total 87552K, used 16466K [0x0000000740000000, 0x0000000745580000, 0x0000000795580000)
  object space 87552K, 18% used [0x0000000740000000,0x0000000741014928,0x0000000745580000)
 Metaspace       used 18484K, capacity 19156K, committed 19456K, reserved 1067008K
  class space    used 2334K, capacity 2512K, committed 2560K, reserved 1048576K
Event: 20.762 GC heap after
Heap after GC invocations=7 (full 0):
 PSYoungGen      total 36352K, used 4223K [0x0000000795580000, 0x0000000799180000, 0x00000007c0000000)
  eden space 31744K, 0% used [0x0000000795580000,0x0000000795580000,0x0000000797480000)
  from space 4608K, 91% used [0x0000000797500000,0x000000079791ff58,0x0000000797980000)
  to   space 14848K, 0% used [0x0000000798300000,0x0000000798300000,0x0000000799180000)
 ParOldGen       total 87552K, used 17486K [0x0000000740000000, 0x0000000745580000, 0x0000000795580000)
  object space 87552K, 19% used [0x0000000740000000,0x00000007411139a8,0x0000000745580000)
 Metaspace       used 18484K, capacity 19156K, committed 19456K, reserved 1067008K
  class space    used 2334K, capacity 2512K, committed 2560K, reserved 1048576K
}
Event: 25.875 GC heap before
{Heap before GC invocations=8 (full 0):
 PSYoungGen      total 36352K, used 35967K [0x0000000795580000, 0x0000000799180000, 0x00000007c0000000)
  eden space 31744K, 100% used [0x0000000795580000,0x0000000797480000,0x0000000797480000)
  from space 4608K, 91% used [0x0000000797500000,0x000000079791ff58,0x0000000797980000)
  to   space 14848K, 0% used [0x0000000798300000,0x0000000798300000,0x0000000799180000)
 ParOldGen       total 87552K, used 17486K [0x0000000740000000, 0x0000000745580000, 0x0000000795580000)
  object space 87552K, 19% used [0x0000000740000000,0x00000007411139a8,0x0000000745580000)
 Metaspace       used 18490K, capacity 19156K, committed 19456K, reserved 1067008K
  class space    used 2334K, capacity 2512K, committed 2560K, reserved 1048576K
Event: 25.878 GC heap after
Heap after GC invocations=8 (full 0):
 PSYoungGen      total 45568K, used 879K [0x0000000795580000, 0x0000000799100000, 0x00000007c0000000)
  eden space 31232K, 0% used [0x0000000795580000,0x0000000795580000,0x0000000797400000)
  from space 14336K, 6% used [0x0000000798300000,0x00000007983dbd50,0x0000000799100000)
  to   space 14848K, 0% used [0x0000000797400000,0x0000000797400000,0x0000000798280000)
 ParOldGen       total 87552K, used 20816K [0x0000000740000000, 0x0000000745580000, 0x0000000795580000)
  object space 87552K, 23% used [0x0000000740000000,0x0000000741454288,0x0000000745580000)
 Metaspace       used 18490K, capacity 19156K, committed 19456K, reserved 1067008K
  class space    used 2334K, capacity 2512K, committed 2560K, reserved 1048576K
}
Event: 30.974 GC heap before
{Heap before GC invocations=9 (full 0):
 PSYoungGen      total 45568K, used 32111K [0x0000000795580000, 0x0000000799100000, 0x00000007c0000000)
  eden space 31232K, 100% used [0x0000000795580000,0x0000000797400000,0x0000000797400000)
  from space 14336K, 6% used [0x0000000798300000,0x00000007983dbd50,0x0000000799100000)
  to   space 14848K, 0% used [0x0000000797400000,0x0000000797400000,0x0000000798280000)
 ParOldGen       total 87552K, used 20816K [0x0000000740000000, 0x0000000745580000, 0x0000000795580000)
  object space 87552K, 23% used [0x0000000740000000,0x0000000741454288,0x0000000745580000)
 Metaspace       used 18494K, capacity 19188K, committed 19456K, reserved 1067008K
  class space    used 2335K, capacity 2544K, committed 2560K, reserved 1048576K
Event: 30.976 GC heap after
Heap after GC invocations=9 (full 0):
 PSYoungGen      total 45568K, used 96K [0x0000000795580000, 0x0000000799180000, 0x00000007c0000000)
  eden space 30720K, 0% used [0x0000000795580000,0x0000000795580000,0x0000000797380000)
  from space 14848K, 0% used [0x0000000797400000,0x0000000797418000,0x0000000798280000)
  to   space 15360K, 0% used [0x0000000798280000,0x0000000798280000,0x0000000799180000)
 ParOldGen       total 87552K, used 21623K [0x0000000740000000, 0x0000000745580000, 0x0000000795580000)
  object space 87552K, 24% used [0x0000000740000000,0x000000074151dfe8,0x0000000745580000)
 Metaspace       used 18494K, capacity 19188K, committed 19456K, reserved 1067008K
  class space    used 2335K, capacity 2544K, committed 2560K, reserved 1048576K
}
Event: 36.076 GC heap before
{Heap before GC invocations=10 (full 0):
 PSYoungGen      total 45568K, used 30816K [0x0000000795580000, 0x0000000799180000, 0x00000007c0000000)
  eden space 30720K, 100% used [0x0000000795580000,0x0000000797380000,0x0000000797380000)
  from space 14848K, 0% used [0x0000000797400000,0x0000000797418000,0x0000000798280000)
  to   space 15360K, 0% used [0x0000000798280000,0x0000000798280000,0x0000000799180000)
 ParOldGen       total 87552K, used 21623K [0x0000000740000000, 0x0000000745580000, 0x0000000795580000)
  object space 87552K, 24% used [0x0000000740000000,0x000000074151dfe8,0x0000000745580000)
 Metaspace       used 18494K, capacity 19188K, committed 19456K, reserved 1067008K
  class space    used 2335K, capacity 2544K, committed 2560K, reserved 1048576K
Event: 36.077 GC heap after
Heap after GC invocations=10 (full 0):
 PSYoungGen      total 45056K, used 96K [0x0000000795580000, 0x0000000799100000, 0x00000007c0000000)
  eden space 30208K, 0% used [0x0000000795580000,0x0000000795580000,0x0000000797300000)
  from space 14848K, 0% used [0x0000000798280000,0x0000000798298000,0x0000000799100000)
  to   space 15360K, 0% used [0x0000000797300000,0x0000000797300000,0x0000000798200000)
 ParOldGen       total 87552K, used 21655K [0x0000000740000000, 0x0000000745580000, 0x0000000795580000)
  object space 87552K, 24% used [0x0000000740000000,0x0000000741525fe8,0x0000000745580000)
 Metaspace       used 18494K, capacity 19188K, committed 19456K, reserved 1067008K
  class space    used 2335K, capacity 2544K, committed 2560K, reserved 1048576K
}

