# JRE version: Java(TM) SE Runtime Environment (8.0_77-b03) (build 1.8.0_77-b03)
# Java VM: Java HotSpot(TM) 64-Bit Server VM (25.77-b03 mixed mode bsd-amd64 compressed oops)
Heap:
 PSYoungGen      total 43008K, used 21431K [0x0000000795580000, 0x0000000798d80000, 0x00000007c0000000)
  eden space 29696K, 40% used [0x0000000795580000,0x00000007961357d0,0x0000000797280000)
  from space 13312K, 70% used [0x0000000798000000,0x0000000798938688,0x0000000798d00000)
  to   space 13824K, 0% used [0x0000000797280000,0x0000000797280000,0x0000000798000000)
 ParOldGen       total 64000K, used 15499K [0x0000000740000000, 0x0000000743e80000, 0x0000000795580000)
  object space 64000K, 24% used [0x0000000740000000,0x0000000740f22e68,0x0000000743e80000)
 Metaspace       used 20966K, capacity 21692K, committed 21760K, reserved 1069056K
  class space    used 2593K, capacity 2814K, committed 2816K, reserved 1048576K
GC Heap History (10 events):
Event: 26.061 GC heap before
{Heap before GC invocations=7 (full 0):
 PSYoungGen      total 39936K, used 26795K [0x0000000795580000, 0x0000000798700000, 0x00000007c0000000)
  eden space 31744K, 59% used [0x0000000795580000,0x00000007967d7878,0x0000000797480000)
  from space 8192K, 97% used [0x0000000797d80000,0x0000000798553450,0x0000000798580000)
  to   space 9216K, 0% used [0x0000000797480000,0x0000000797480000,0x0000000797d80000)
 ParOldGen       total 87552K, used 4272K [0x0000000740000000, 0x0000000745580000, 0x0000000795580000)
  object space 87552K, 4% used [0x0000000740000000,0x000000074042c020,0x0000000745580000)
 Metaspace       used 20539K, capacity 21102K, committed 21248K, reserved 1067008K
  class space    used 2571K, capacity 2737K, committed 2816K, reserved 1048576K
Event: 26.087 GC heap after
Heap after GC invocations=7 (full 0):
 PSYoungGen      total 40448K, used 9185K [0x0000000795580000, 0x0000000798d00000, 0x00000007c0000000)
  eden space 31232K, 0% used [0x0000000795580000,0x0000000795580000,0x0000000797400000)
  from space 9216K, 99% used [0x0000000797480000,0x0000000797d78510,0x0000000797d80000)
  to   space 12800K, 0% used [0x0000000798080000,0x0000000798080000,0x0000000798d00000)
 ParOldGen       total 87552K, used 8581K [0x0000000740000000, 0x0000000745580000, 0x0000000795580000)
  object space 87552K, 9% used [0x0000000740000000,0x0000000740861460,0x0000000745580000)
 Metaspace       used 20539K, capacity 21102K, committed 21248K, reserved 1067008K
  class space    used 2571K, capacity 2737K, committed 2816K, reserved 1048576K
}
Event: 26.087 GC heap before
{Heap before GC invocations=8 (full 1):
 PSYoungGen      total 40448K, used 9185K [0x0000000795580000, 0x0000000798d00000, 0x00000007c0000000)
  eden space 31232K, 0% used [0x0000000795580000,0x0000000795580000,0x0000000797400000)
  from space 9216K, 99% used [0x0000000797480000,0x0000000797d78510,0x0000000797d80000)
  to   space 12800K, 0% used [0x0000000798080000,0x0000000798080000,0x0000000798d00000)
 ParOldGen       total 87552K, used 8581K [0x0000000740000000, 0x0000000745580000, 0x0000000795580000)
  object space 87552K, 9% used [0x0000000740000000,0x0000000740861460,0x0000000745580000)
 Metaspace       used 20539K, capacity 21102K, committed 21248K, reserved 1067008K
  class space    used 2571K, capacity 2737K, committed 2816K, reserved 1048576K
Event: 26.171 GC heap after
Heap after GC invocations=8 (full 1):
 PSYoungGen      total 40448K, used 0K [0x0000000795580000, 0x0000000798d00000, 0x00000007c0000000)
  eden space 31232K, 0% used [0x0000000795580000,0x0000000795580000,0x0000000797400000)
  from space 9216K, 0% used [0x0000000797480000,0x0000000797480000,0x0000000797d80000)
  to   space 12800K, 0% used [0x0000000798080000,0x0000000798080000,0x0000000798d00000)
 ParOldGen       total 64000K, used 15443K [0x0000000740000000, 0x0000000743e80000, 0x0000000795580000)
  object space 64000K, 24% used [0x0000000740000000,0x0000000740f14e68,0x0000000743e80000)
 Metaspace       used 20537K, capacity 21096K, committed 21248K, reserved 1067008K
  class space    used 2570K, capacity 2736K, committed 2816K, reserved 1048576K
}
Event: 30.776 GC heap before
{Heap before GC invocations=9 (full 1):
 PSYoungGen      total 40448K, used 31232K [0x0000000795580000, 0x0000000798d00000, 0x00000007c0000000)
  eden space 31232K, 100% used [0x0000000795580000,0x0000000797400000,0x0000000797400000)
  from space 9216K, 0% used [0x0000000797480000,0x0000000797480000,0x0000000797d80000)
  to   space 12800K, 0% used [0x0000000798080000,0x0000000798080000,0x0000000798d00000)
 ParOldGen       total 64000K, used 15443K [0x0000000740000000, 0x0000000743e80000, 0x0000000795580000)
  object space 64000K, 24% used [0x0000000740000000,0x0000000740f14e68,0x0000000743e80000)
 Metaspace       used 20603K, capacity 21164K, committed 21504K, reserved 1069056K
  class space    used 2570K, capacity 2736K, committed 2816K, reserved 1048576K
Event: 30.781 GC heap after
Heap after GC invocations=9 (full 1):
 PSYoungGen      total 43520K, used 128K [0x0000000795580000, 0x0000000798d80000, 0x00000007c0000000)
  eden space 30720K, 0% used [0x0000000795580000,0x0000000795580000,0x0000000797380000)
  from space 12800K, 1% used [0x0000000798080000,0x00000007980a0000,0x0000000798d00000)
  to   space 13312K, 0% used [0x0000000797380000,0x0000000797380000,0x0000000798080000)
 ParOldGen       total 64000K, used 15451K [0x0000000740000000, 0x0000000743e80000, 0x0000000795580000)
  object space 64000K, 24% used [0x0000000740000000,0x0000000740f16e68,0x0000000743e80000)
 Metaspace       used 20603K, capacity 21164K, committed 21504K, reserved 1069056K
  class space    used 2570K, capacity 2736K, committed 2816K, reserved 1048576K
}
Event: 34.244 GC heap before
{Heap before GC invocations=10 (full 1):
 PSYoungGen      total 43520K, used 30848K [0x0000000795580000, 0x0000000798d80000, 0x00000007c0000000)
  eden space 30720K, 100% used [0x0000000795580000,0x0000000797380000,0x0000000797380000)
  from space 12800K, 1% used [0x0000000798080000,0x00000007980a0000,0x0000000798d00000)
  to   space 13312K, 0% used [0x0000000797380000,0x0000000797380000,0x0000000798080000)
 ParOldGen       total 64000K, used 15451K [0x0000000740000000, 0x0000000743e80000, 0x0000000795580000)
  object space 64000K, 24% used [0x0000000740000000,0x0000000740f16e68,0x0000000743e80000)
 Metaspace       used 20836K, capacity 21530K, committed 21760K, reserved 1069056K
  class space    used 2586K, capacity 2807K, committed 2816K, reserved 1048576K
Event: 34.253 GC heap after
Heap after GC invocations=10 (full 1):
 PSYoungGen      total 38400K, used 8080K [0x0000000795580000, 0x0000000798d00000, 0x00000007c0000000)
  eden space 30208K, 0% used [0x0000000795580000,0x0000000795580000,0x0000000797300000)
  from space 8192K, 98% used [0x0000000797380000,0x0000000797b64030,0x0000000797b80000)
  to   space 13312K, 0% used [0x0000000798000000,0x0000000798000000,0x0000000798d00000)
 ParOldGen       total 64000K, used 15459K [0x0000000740000000, 0x0000000743e80000, 0x0000000795580000)
  object space 64000K, 24% used [0x0000000740000000,0x0000000740f18e68,0x0000000743e80000)
 Metaspace       used 20836K, capacity 21530K, committed 21760K, reserved 1069056K
  class space    used 2586K, capacity 2807K, committed 2816K, reserved 1048576K
}
Event: 38.829 GC heap before
{Heap before GC invocations=11 (full 1):
 PSYoungGen      total 38400K, used 38288K [0x0000000795580000, 0x0000000798d00000, 0x00000007c0000000)
  eden space 30208K, 100% used [0x0000000795580000,0x0000000797300000,0x0000000797300000)
  from space 8192K, 98% used [0x0000000797380000,0x0000000797b64030,0x0000000797b80000)
  to   space 13312K, 0% used [0x0000000798000000,0x0000000798000000,0x0000000798d00000)
 ParOldGen       total 64000K, used 15459K [0x0000000740000000, 0x0000000743e80000, 0x0000000795580000)
  object space 64000K, 24% used [0x0000000740000000,0x0000000740f18e68,0x0000000743e80000)
 Metaspace       used 20950K, capacity 21668K, committed 21760K, reserved 1069056K
  class space    used 2588K, capacity 2808K, committed 2816K, reserved 1048576K
Event: 38.839 GC heap after
Heap after GC invocations=11 (full 1):
 PSYoungGen      total 43008K, used 9441K [0x0000000795580000, 0x0000000798d80000, 0x00000007c0000000)
  eden space 29696K, 0% used [0x0000000795580000,0x0000000795580000,0x0000000797280000)
  from space 13312K, 70% used [0x0000000798000000,0x0000000798938688,0x0000000798d00000)
  to   space 13824K, 0% used [0x0000000797280000,0x0000000797280000,0x0000000798000000)
 ParOldGen       total 64000K, used 15499K [0x0000000740000000, 0x0000000743e80000, 0x0000000795580000)
  object space 64000K, 24% used [0x0000000740000000,0x0000000740f22e68,0x0000000743e80000)
 Metaspace       used 20950K, capacity 21668K, committed 21760K, reserved 1069056K
  class space    used 2588K, capacity 2808K, committed 2816K, reserved 1048576K
}

