# JRE version: Java(TM) SE Runtime Environment (8.0_77-b03) (build 1.8.0_77-b03)
# Java VM: Java HotSpot(TM) 64-Bit Server VM (25.77-b03 mixed mode bsd-amd64 compressed oops)
Heap:
 PSYoungGen      total 379904K, used 320062K [0x0000000795580000, 0x00000007ac980000, 0x00000007c0000000)
  eden space 378880K, 84% used [0x0000000795580000,0x00000007a8dffb50,0x00000007ac780000)
  from space 1024K, 6% used [0x00000007ac880000,0x00000007ac890000,0x00000007ac980000)
  to   space 1024K, 0% used [0x00000007ac780000,0x00000007ac780000,0x00000007ac880000)
 ParOldGen       total 51712K, used 36283K [0x0000000740000000, 0x0000000743280000, 0x0000000795580000)
  object space 51712K, 70% used [0x0000000740000000,0x000000074236ed90,0x0000000743280000)
 Metaspace       used 22492K, capacity 23410K, committed 23680K, reserved 1069056K
  class space    used 2899K, capacity 3135K, committed 3200K, reserved 1048576K
GC Heap History (10 events):
Event: 292.619 GC heap before
{Heap before GC invocations=63 (full 1):
 PSYoungGen      total 278016K, used 276576K [0x0000000795580000, 0x00000007a7300000, 0x00000007c0000000)
  eden space 276480K, 100% used [0x0000000795580000,0x00000007a6380000,0x00000007a6380000)
  from space 1536K, 6% used [0x00000007a7000000,0x00000007a7018000,0x00000007a7180000)
  to   space 1536K, 0% used [0x00000007a7180000,0x00000007a7180000,0x00000007a7300000)
 ParOldGen       total 51712K, used 36251K [0x0000000740000000, 0x0000000743280000, 0x0000000795580000)
  object space 51712K, 70% used [0x0000000740000000,0x0000000742366d90,0x0000000743280000)
 Metaspace       used 22478K, capacity 23386K, committed 23680K, reserved 1069056K
  class space    used 2894K, capacity 3129K, committed 3200K, reserved 1048576K
Event: 292.620 GC heap after
Heap after GC invocations=63 (full 1):
 PSYoungGen      total 264704K, used 128K [0x0000000795580000, 0x00000007a7200000, 0x00000007c0000000)
  eden space 264192K, 0% used [0x0000000795580000,0x0000000795580000,0x00000007a5780000)
  from space 512K, 25% used [0x00000007a7180000,0x00000007a71a0000,0x00000007a7200000)
  to   space 1536K, 0% used [0x00000007a6f00000,0x00000007a6f00000,0x00000007a7080000)
 ParOldGen       total 51712K, used 36251K [0x0000000740000000, 0x0000000743280000, 0x0000000795580000)
  object space 51712K, 70% used [0x0000000740000000,0x0000000742366d90,0x0000000743280000)
 Metaspace       used 22478K, capacity 23386K, committed 23680K, reserved 1069056K
  class space    used 2894K, capacity 3129K, committed 3200K, reserved 1048576K
}
Event: 292.645 GC heap before
{Heap before GC invocations=64 (full 1):
 PSYoungGen      total 264704K, used 264320K [0x0000000795580000, 0x00000007a7200000, 0x00000007c0000000)
  eden space 264192K, 100% used [0x0000000795580000,0x00000007a5780000,0x00000007a5780000)
  from space 512K, 25% used [0x00000007a7180000,0x00000007a71a0000,0x00000007a7200000)
  to   space 1536K, 0% used [0x00000007a6f00000,0x00000007a6f00000,0x00000007a7080000)
 ParOldGen       total 51712K, used 36251K [0x0000000740000000, 0x0000000743280000, 0x0000000795580000)
  object space 51712K, 70% used [0x0000000740000000,0x0000000742366d90,0x0000000743280000)
 Metaspace       used 22478K, capacity 23386K, committed 23680K, reserved 1069056K
  class space    used 2894K, capacity 3129K, committed 3200K, reserved 1048576K
Event: 292.647 GC heap after
Heap after GC invocations=64 (full 1):
 PSYoungGen      total 289792K, used 64K [0x0000000795580000, 0x00000007a8e00000, 0x00000007c0000000)
  eden space 288256K, 0% used [0x0000000795580000,0x0000000795580000,0x00000007a6f00000)
  from space 1536K, 4% used [0x00000007a6f00000,0x00000007a6f10000,0x00000007a7080000)
  to   space 1536K, 0% used [0x00000007a8c80000,0x00000007a8c80000,0x00000007a8e00000)
 ParOldGen       total 51712K, used 36275K [0x0000000740000000, 0x0000000743280000, 0x0000000795580000)
  object space 51712K, 70% used [0x0000000740000000,0x000000074236cd90,0x0000000743280000)
 Metaspace       used 22478K, capacity 23386K, committed 23680K, reserved 1069056K
  class space    used 2894K, capacity 3129K, committed 3200K, reserved 1048576K
}
Event: 298.808 GC heap before
{Heap before GC invocations=65 (full 1):
 PSYoungGen      total 289792K, used 288320K [0x0000000795580000, 0x00000007a8e00000, 0x00000007c0000000)
  eden space 288256K, 100% used [0x0000000795580000,0x00000007a6f00000,0x00000007a6f00000)
  from space 1536K, 4% used [0x00000007a6f00000,0x00000007a6f10000,0x00000007a7080000)
  to   space 1536K, 0% used [0x00000007a8c80000,0x00000007a8c80000,0x00000007a8e00000)
 ParOldGen       total 51712K, used 36275K [0x0000000740000000, 0x0000000743280000, 0x0000000795580000)
  object space 51712K, 70% used [0x0000000740000000,0x000000074236cd90,0x0000000743280000)
 Metaspace       used 22478K, capacity 23386K, committed 23680K, reserved 1069056K
  class space    used 2894K, capacity 3129K, committed 3200K, reserved 1048576K
Event: 298.809 GC heap after
Heap after GC invocations=65 (full 1):
 PSYoungGen      total 318464K, used 128K [0x0000000795580000, 0x00000007aa980000, 0x00000007c0000000)
  eden space 316928K, 0% used [0x0000000795580000,0x0000000795580000,0x00000007a8b00000)
  from space 1536K, 8% used [0x00000007a8c80000,0x00000007a8ca0000,0x00000007a8e00000)
  to   space 1536K, 0% used [0x00000007a8b00000,0x00000007a8b00000,0x00000007a8c80000)
 ParOldGen       total 51712K, used 36275K [0x0000000740000000, 0x0000000743280000, 0x0000000795580000)
  object space 51712K, 70% used [0x0000000740000000,0x000000074236cd90,0x0000000743280000)
 Metaspace       used 22478K, capacity 23386K, committed 23680K, reserved 1069056K
  class space    used 2894K, capacity 3129K, committed 3200K, reserved 1048576K
}
Event: 302.635 GC heap before
{Heap before GC invocations=66 (full 1):
 PSYoungGen      total 318464K, used 317056K [0x0000000795580000, 0x00000007aa980000, 0x00000007c0000000)
  eden space 316928K, 100% used [0x0000000795580000,0x00000007a8b00000,0x00000007a8b00000)
  from space 1536K, 8% used [0x00000007a8c80000,0x00000007a8ca0000,0x00000007a8e00000)
  to   space 1536K, 0% used [0x00000007a8b00000,0x00000007a8b00000,0x00000007a8c80000)
 ParOldGen       total 51712K, used 36275K [0x0000000740000000, 0x0000000743280000, 0x0000000795580000)
  object space 51712K, 70% used [0x0000000740000000,0x000000074236cd90,0x0000000743280000)
 Metaspace       used 22478K, capacity 23386K, committed 23680K, reserved 1069056K
  class space    used 2894K, capacity 3129K, committed 3200K, reserved 1048576K
Event: 302.637 GC heap after
Heap after GC invocations=66 (full 1):
 PSYoungGen      total 318464K, used 96K [0x0000000795580000, 0x00000007ac980000, 0x00000007c0000000)
  eden space 316928K, 0% used [0x0000000795580000,0x0000000795580000,0x00000007a8b00000)
  from space 1536K, 6% used [0x00000007a8b00000,0x00000007a8b18000,0x00000007a8c80000)
  to   space 1024K, 0% used [0x00000007ac880000,0x00000007ac880000,0x00000007ac980000)
 ParOldGen       total 51712K, used 36275K [0x0000000740000000, 0x0000000743280000, 0x0000000795580000)
  object space 51712K, 70% used [0x0000000740000000,0x000000074236cd90,0x0000000743280000)
 Metaspace       used 22478K, capacity 23386K, committed 23680K, reserved 1069056K
  class space    used 2894K, capacity 3129K, committed 3200K, reserved 1048576K
}
Event: 302.744 GC heap before
{Heap before GC invocations=67 (full 1):
 PSYoungGen      total 318464K, used 317024K [0x0000000795580000, 0x00000007ac980000, 0x00000007c0000000)
  eden space 316928K, 100% used [0x0000000795580000,0x00000007a8b00000,0x00000007a8b00000)
  from space 1536K, 6% used [0x00000007a8b00000,0x00000007a8b18000,0x00000007a8c80000)
  to   space 1024K, 0% used [0x00000007ac880000,0x00000007ac880000,0x00000007ac980000)
 ParOldGen       total 51712K, used 36275K [0x0000000740000000, 0x0000000743280000, 0x0000000795580000)
  object space 51712K, 70% used [0x0000000740000000,0x000000074236cd90,0x0000000743280000)
 Metaspace       used 22478K, capacity 23386K, committed 23680K, reserved 1069056K
  class space    used 2894K, capacity 3129K, committed 3200K, reserved 1048576K
Event: 302.746 GC heap after
Heap after GC invocations=67 (full 1):
 PSYoungGen      total 379904K, used 64K [0x0000000795580000, 0x00000007ac980000, 0x00000007c0000000)
  eden space 378880K, 0% used [0x0000000795580000,0x0000000795580000,0x00000007ac780000)
  from space 1024K, 6% used [0x00000007ac880000,0x00000007ac890000,0x00000007ac980000)
  to   space 1024K, 0% used [0x00000007ac780000,0x00000007ac780000,0x00000007ac880000)
 ParOldGen       total 51712K, used 36283K [0x0000000740000000, 0x0000000743280000, 0x0000000795580000)
  object space 51712K, 70% used [0x0000000740000000,0x000000074236ed90,0x0000000743280000)
 Metaspace       used 22478K, capacity 23386K, committed 23680K, reserved 1069056K
  class space    used 2894K, capacity 3129K, committed 3200K, reserved 1048576K
}

