# JRE version: Java(TM) SE Runtime Environment (8.0_77-b03) (build 1.8.0_77-b03)
# Java VM: Java HotSpot(TM) 64-Bit Server VM (25.77-b03 mixed mode bsd-amd64 compressed oops)
Heap:
 PSYoungGen      total 29184K, used 25697K [0x0000000795580000, 0x0000000799780000, 0x00000007c0000000)
  eden space 28672K, 89% used [0x0000000795580000,0x0000000796e78490,0x0000000797180000)
  from space 512K, 25% used [0x0000000797200000,0x0000000797220000,0x0000000797280000)
  to   space 19456K, 0% used [0x0000000798480000,0x0000000798480000,0x0000000799780000)
 ParOldGen       total 87552K, used 33839K [0x0000000740000000, 0x0000000745580000, 0x0000000795580000)
  object space 87552K, 38% used [0x0000000740000000,0x000000074210be18,0x0000000745580000)
 Metaspace       used 20003K, capacity 20986K, committed 21120K, reserved 1067008K
  class space    used 2630K, capacity 2871K, committed 2944K, reserved 1048576K
GC Heap History (10 events):
Event: 28.740 GC heap before
{Heap before GC invocations=10 (full 1):
 PSYoungGen      total 47104K, used 44499K [0x0000000795580000, 0x0000000799580000, 0x00000007c0000000)
  eden space 31232K, 100% used [0x0000000795580000,0x0000000797400000,0x0000000797400000)
  from space 15872K, 83% used [0x0000000798480000,0x0000000799174d80,0x0000000799400000)
  to   space 16896K, 0% used [0x0000000797400000,0x0000000797400000,0x0000000798480000)
 ParOldGen       total 87552K, used 20587K [0x0000000740000000, 0x0000000745580000, 0x0000000795580000)
  object space 87552K, 23% used [0x0000000740000000,0x000000074141ac20,0x0000000745580000)
 Metaspace       used 19965K, capacity 20898K, committed 21120K, reserved 1067008K
  class space    used 2625K, capacity 2865K, committed 2944K, reserved 1048576K
Event: 28.748 GC heap after
Heap after GC invocations=10 (full 1):
 PSYoungGen      total 47616K, used 13267K [0x0000000795580000, 0x0000000799680000, 0x00000007c0000000)
  eden space 30720K, 0% used [0x0000000795580000,0x0000000795580000,0x0000000797380000)
  from space 16896K, 78% used [0x0000000797400000,0x00000007980f4d80,0x0000000798480000)
  to   space 17920K, 0% used [0x0000000798500000,0x0000000798500000,0x0000000799680000)
 ParOldGen       total 87552K, used 20587K [0x0000000740000000, 0x0000000745580000, 0x0000000795580000)
  object space 87552K, 23% used [0x0000000740000000,0x000000074141ac20,0x0000000745580000)
 Metaspace       used 19965K, capacity 20898K, committed 21120K, reserved 1067008K
  class space    used 2625K, capacity 2865K, committed 2944K, reserved 1048576K
}
Event: 31.473 GC heap before
{Heap before GC invocations=11 (full 1):
 PSYoungGen      total 47616K, used 43987K [0x0000000795580000, 0x0000000799680000, 0x00000007c0000000)
  eden space 30720K, 100% used [0x0000000795580000,0x0000000797380000,0x0000000797380000)
  from space 16896K, 78% used [0x0000000797400000,0x00000007980f4d80,0x0000000798480000)
  to   space 17920K, 0% used [0x0000000798500000,0x0000000798500000,0x0000000799680000)
 ParOldGen       total 87552K, used 20590K [0x0000000740000000, 0x0000000745580000, 0x0000000795580000)
  object space 87552K, 23% used [0x0000000740000000,0x000000074141b860,0x0000000745580000)
 Metaspace       used 19972K, capacity 20898K, committed 21120K, reserved 1067008K
  class space    used 2625K, capacity 2865K, committed 2944K, reserved 1048576K
Event: 31.509 GC heap after
Heap after GC invocations=11 (full 1):
 PSYoungGen      total 48128K, used 160K [0x0000000795580000, 0x0000000799700000, 0x00000007c0000000)
  eden space 30208K, 0% used [0x0000000795580000,0x0000000795580000,0x0000000797300000)
  from space 17920K, 0% used [0x0000000798500000,0x0000000798528000,0x0000000799680000)
  to   space 18432K, 0% used [0x0000000797300000,0x0000000797300000,0x0000000798500000)
 ParOldGen       total 87552K, used 33745K [0x0000000740000000, 0x0000000745580000, 0x0000000795580000)
  object space 87552K, 38% used [0x0000000740000000,0x00000007420f45e0,0x0000000745580000)
 Metaspace       used 19972K, capacity 20898K, committed 21120K, reserved 1067008K
  class space    used 2625K, capacity 2865K, committed 2944K, reserved 1048576K
}
Event: 35.025 GC heap before
{Heap before GC invocations=12 (full 1):
 PSYoungGen      total 48128K, used 30368K [0x0000000795580000, 0x0000000799700000, 0x00000007c0000000)
  eden space 30208K, 100% used [0x0000000795580000,0x0000000797300000,0x0000000797300000)
  from space 17920K, 0% used [0x0000000798500000,0x0000000798528000,0x0000000799680000)
  to   space 18432K, 0% used [0x0000000797300000,0x0000000797300000,0x0000000798500000)
 ParOldGen       total 87552K, used 33746K [0x0000000740000000, 0x0000000745580000, 0x0000000795580000)
  object space 87552K, 38% used [0x0000000740000000,0x00000007420f48f0,0x0000000745580000)
 Metaspace       used 19978K, capacity 20962K, committed 21120K, reserved 1067008K
  class space    used 2625K, capacity 2865K, committed 2944K, reserved 1048576K
Event: 35.028 GC heap after
Heap after GC invocations=12 (full 1):
 PSYoungGen      total 48128K, used 128K [0x0000000795580000, 0x0000000799780000, 0x00000007c0000000)
  eden space 29696K, 0% used [0x0000000795580000,0x0000000795580000,0x0000000797280000)
  from space 18432K, 0% used [0x0000000797300000,0x0000000797320000,0x0000000798500000)
  to   space 18944K, 0% used [0x0000000798500000,0x0000000798500000,0x0000000799780000)
 ParOldGen       total 87552K, used 33802K [0x0000000740000000, 0x0000000745580000, 0x0000000795580000)
  object space 87552K, 38% used [0x0000000740000000,0x00000007421028f0,0x0000000745580000)
 Metaspace       used 19978K, capacity 20962K, committed 21120K, reserved 1067008K
  class space    used 2625K, capacity 2865K, committed 2944K, reserved 1048576K
}
Event: 38.923 GC heap before
{Heap before GC invocations=13 (full 1):
 PSYoungGen      total 48128K, used 29824K [0x0000000795580000, 0x0000000799780000, 0x00000007c0000000)
  eden space 29696K, 100% used [0x0000000795580000,0x0000000797280000,0x0000000797280000)
  from space 18432K, 0% used [0x0000000797300000,0x0000000797320000,0x0000000798500000)
  to   space 18944K, 0% used [0x0000000798500000,0x0000000798500000,0x0000000799780000)
 ParOldGen       total 87552K, used 33805K [0x0000000740000000, 0x0000000745580000, 0x0000000795580000)
  object space 87552K, 38% used [0x0000000740000000,0x0000000742103688,0x0000000745580000)
 Metaspace       used 19978K, capacity 20962K, committed 21120K, reserved 1067008K
  class space    used 2625K, capacity 2865K, committed 2944K, reserved 1048576K
Event: 38.925 GC heap after
Heap after GC invocations=13 (full 1):
 PSYoungGen      total 48128K, used 64K [0x0000000795580000, 0x0000000799800000, 0x00000007c0000000)
  eden space 29184K, 0% used [0x0000000795580000,0x0000000795580000,0x0000000797200000)
  from space 18944K, 0% used [0x0000000798500000,0x0000000798510000,0x0000000799780000)
  to   space 19456K, 0% used [0x0000000797200000,0x0000000797200000,0x0000000798500000)
 ParOldGen       total 87552K, used 33813K [0x0000000740000000, 0x0000000745580000, 0x0000000795580000)
  object space 87552K, 38% used [0x0000000740000000,0x0000000742105688,0x0000000745580000)
 Metaspace       used 19978K, capacity 20962K, committed 21120K, reserved 1067008K
  class space    used 2625K, capacity 2865K, committed 2944K, reserved 1048576K
}
Event: 43.305 GC heap before
{Heap before GC invocations=14 (full 1):
 PSYoungGen      total 48128K, used 29248K [0x0000000795580000, 0x0000000799800000, 0x00000007c0000000)
  eden space 29184K, 100% used [0x0000000795580000,0x0000000797200000,0x0000000797200000)
  from space 18944K, 0% used [0x0000000798500000,0x0000000798510000,0x0000000799780000)
  to   space 19456K, 0% used [0x0000000797200000,0x0000000797200000,0x0000000798500000)
 ParOldGen       total 87552K, used 33815K [0x0000000740000000, 0x0000000745580000, 0x0000000795580000)
  object space 87552K, 38% used [0x0000000740000000,0x0000000742105e18,0x0000000745580000)
 Metaspace       used 19988K, capacity 20962K, committed 21120K, reserved 1067008K
  class space    used 2626K, capacity 2865K, committed 2944K, reserved 1048576K
Event: 43.309 GC heap after
Heap after GC invocations=14 (full 1):
 PSYoungGen      total 29184K, used 128K [0x0000000795580000, 0x0000000799780000, 0x00000007c0000000)
  eden space 28672K, 0% used [0x0000000795580000,0x0000000795580000,0x0000000797180000)
  from space 512K, 25% used [0x0000000797200000,0x0000000797220000,0x0000000797280000)
  to   space 19456K, 0% used [0x0000000798480000,0x0000000798480000,0x0000000799780000)
 ParOldGen       total 87552K, used 33839K [0x0000000740000000, 0x0000000745580000, 0x0000000795580000)
  object space 87552K, 38% used [0x0000000740000000,0x000000074210be18,0x0000000745580000)
 Metaspace       used 19988K, capacity 20962K, committed 21120K, reserved 1067008K
  class space    used 2626K, capacity 2865K, committed 2944K, reserved 1048576K
}

