# JRE version: Java(TM) SE Runtime Environment (8.0_77-b03) (build 1.8.0_77-b03)
# Java VM: Java HotSpot(TM) 64-Bit Server VM (25.77-b03 mixed mode bsd-amd64 compressed oops)
Heap:
 PSYoungGen      total 24576K, used 12652K [0x0000000795580000, 0x0000000798900000, 0x00000007c0000000)
  eden space 24064K, 52% used [0x0000000795580000,0x00000007961cb1a8,0x0000000796d00000)
  from space 512K, 12% used [0x0000000796d80000,0x0000000796d90000,0x0000000796e00000)
  to   space 14336K, 0% used [0x0000000797b00000,0x0000000797b00000,0x0000000798900000)
 ParOldGen       total 87552K, used 30057K [0x0000000740000000, 0x0000000745580000, 0x0000000795580000)
  object space 87552K, 34% used [0x0000000740000000,0x0000000741d5a720,0x0000000745580000)
 Metaspace       used 20135K, capacity 21134K, committed 21376K, reserved 1067008K
  class space    used 2636K, capacity 2873K, committed 2944K, reserved 1048576K
GC Heap History (10 events):
Event: 55.752 GC heap before
{Heap before GC invocations=19 (full 2):
 PSYoungGen      total 43520K, used 26784K [0x0000000795580000, 0x0000000799180000, 0x00000007c0000000)
  eden space 26624K, 100% used [0x0000000795580000,0x0000000796f80000,0x0000000796f80000)
  from space 16896K, 0% used [0x0000000798100000,0x0000000798128000,0x0000000799180000)
  to   space 17408K, 0% used [0x0000000796f80000,0x0000000796f80000,0x0000000798080000)
 ParOldGen       total 87552K, used 29985K [0x0000000740000000, 0x0000000745580000, 0x0000000795580000)
  object space 87552K, 34% used [0x0000000740000000,0x0000000741d48720,0x0000000745580000)
 Metaspace       used 20123K, capacity 21110K, committed 21376K, reserved 1067008K
  class space    used 2631K, capacity 2867K, committed 2944K, reserved 1048576K
Event: 55.754 GC heap after
Heap after GC invocations=19 (full 2):
 PSYoungGen      total 26624K, used 96K [0x0000000795580000, 0x0000000799000000, 0x00000007c0000000)
  eden space 26112K, 0% used [0x0000000795580000,0x0000000795580000,0x0000000796f00000)
  from space 512K, 18% used [0x0000000796f80000,0x0000000796f98000,0x0000000797000000)
  to   space 16896K, 0% used [0x0000000797f80000,0x0000000797f80000,0x0000000799000000)
 ParOldGen       total 87552K, used 30017K [0x0000000740000000, 0x0000000745580000, 0x0000000795580000)
  object space 87552K, 34% used [0x0000000740000000,0x0000000741d50720,0x0000000745580000)
 Metaspace       used 20123K, capacity 21110K, committed 21376K, reserved 1067008K
  class space    used 2631K, capacity 2867K, committed 2944K, reserved 1048576K
}
Event: 59.851 GC heap before
{Heap before GC invocations=20 (full 2):
 PSYoungGen      total 26624K, used 26208K [0x0000000795580000, 0x0000000799000000, 0x00000007c0000000)
  eden space 26112K, 100% used [0x0000000795580000,0x0000000796f00000,0x0000000796f00000)
  from space 512K, 18% used [0x0000000796f80000,0x0000000796f98000,0x0000000797000000)
  to   space 16896K, 0% used [0x0000000797f80000,0x0000000797f80000,0x0000000799000000)
 ParOldGen       total 87552K, used 30017K [0x0000000740000000, 0x0000000745580000, 0x0000000795580000)
  object space 87552K, 34% used [0x0000000740000000,0x0000000741d50720,0x0000000745580000)
 Metaspace       used 20123K, capacity 21110K, committed 21376K, reserved 1067008K
  class space    used 2631K, capacity 2867K, committed 2944K, reserved 1048576K
Event: 59.853 GC heap after
Heap after GC invocations=20 (full 2):
 PSYoungGen      total 40960K, used 96K [0x0000000795580000, 0x0000000798e80000, 0x00000007c0000000)
  eden space 25600K, 0% used [0x0000000795580000,0x0000000795580000,0x0000000796e80000)
  from space 15360K, 0% used [0x0000000797f80000,0x0000000797f98000,0x0000000798e80000)
  to   space 16384K, 0% used [0x0000000796e80000,0x0000000796e80000,0x0000000797e80000)
 ParOldGen       total 87552K, used 30017K [0x0000000740000000, 0x0000000745580000, 0x0000000795580000)
  object space 87552K, 34% used [0x0000000740000000,0x0000000741d50720,0x0000000745580000)
 Metaspace       used 20123K, capacity 21110K, committed 21376K, reserved 1067008K
  class space    used 2631K, capacity 2867K, committed 2944K, reserved 1048576K
}
Event: 64.301 GC heap before
{Heap before GC invocations=21 (full 2):
 PSYoungGen      total 40960K, used 25696K [0x0000000795580000, 0x0000000798e80000, 0x00000007c0000000)
  eden space 25600K, 100% used [0x0000000795580000,0x0000000796e80000,0x0000000796e80000)
  from space 15360K, 0% used [0x0000000797f80000,0x0000000797f98000,0x0000000798e80000)
  to   space 16384K, 0% used [0x0000000796e80000,0x0000000796e80000,0x0000000797e80000)
 ParOldGen       total 87552K, used 30017K [0x0000000740000000, 0x0000000745580000, 0x0000000795580000)
  object space 87552K, 34% used [0x0000000740000000,0x0000000741d50720,0x0000000745580000)
 Metaspace       used 20123K, capacity 21110K, committed 21376K, reserved 1067008K
  class space    used 2632K, capacity 2867K, committed 2944K, reserved 1048576K
Event: 64.313 GC heap after
Heap after GC invocations=21 (full 2):
 PSYoungGen      total 25600K, used 32K [0x0000000795580000, 0x0000000798c00000, 0x00000007c0000000)
  eden space 25088K, 0% used [0x0000000795580000,0x0000000795580000,0x0000000796e00000)
  from space 512K, 6% used [0x0000000796e80000,0x0000000796e88000,0x0000000796f00000)
  to   space 15360K, 0% used [0x0000000797d00000,0x0000000797d00000,0x0000000798c00000)
 ParOldGen       total 87552K, used 30025K [0x0000000740000000, 0x0000000745580000, 0x0000000795580000)
  object space 87552K, 34% used [0x0000000740000000,0x0000000741d52720,0x0000000745580000)
 Metaspace       used 20123K, capacity 21110K, committed 21376K, reserved 1067008K
  class space    used 2632K, capacity 2867K, committed 2944K, reserved 1048576K
}
Event: 68.746 GC heap before
{Heap before GC invocations=22 (full 2):
 PSYoungGen      total 25600K, used 25120K [0x0000000795580000, 0x0000000798c00000, 0x00000007c0000000)
  eden space 25088K, 100% used [0x0000000795580000,0x0000000796e00000,0x0000000796e00000)
  from space 512K, 6% used [0x0000000796e80000,0x0000000796e88000,0x0000000796f00000)
  to   space 15360K, 0% used [0x0000000797d00000,0x0000000797d00000,0x0000000798c00000)
 ParOldGen       total 87552K, used 30025K [0x0000000740000000, 0x0000000745580000, 0x0000000795580000)
  object space 87552K, 34% used [0x0000000740000000,0x0000000741d52720,0x0000000745580000)
 Metaspace       used 20123K, capacity 21110K, committed 21376K, reserved 1067008K
  class space    used 2632K, capacity 2867K, committed 2944K, reserved 1048576K
Event: 68.748 GC heap after
Heap after GC invocations=22 (full 2):
 PSYoungGen      total 38400K, used 128K [0x0000000795580000, 0x0000000798a80000, 0x00000007c0000000)
  eden space 24576K, 0% used [0x0000000795580000,0x0000000795580000,0x0000000796d80000)
  from space 13824K, 0% used [0x0000000797d00000,0x0000000797d20000,0x0000000798a80000)
  to   space 14848K, 0% used [0x0000000796d80000,0x0000000796d80000,0x0000000797c00000)
 ParOldGen       total 87552K, used 30041K [0x0000000740000000, 0x0000000745580000, 0x0000000795580000)
  object space 87552K, 34% used [0x0000000740000000,0x0000000741d56720,0x0000000745580000)
 Metaspace       used 20123K, capacity 21110K, committed 21376K, reserved 1067008K
  class space    used 2632K, capacity 2867K, committed 2944K, reserved 1048576K
}
Event: 72.892 GC heap before
{Heap before GC invocations=23 (full 2):
 PSYoungGen      total 38400K, used 24704K [0x0000000795580000, 0x0000000798a80000, 0x00000007c0000000)
  eden space 24576K, 100% used [0x0000000795580000,0x0000000796d80000,0x0000000796d80000)
  from space 13824K, 0% used [0x0000000797d00000,0x0000000797d20000,0x0000000798a80000)
  to   space 14848K, 0% used [0x0000000796d80000,0x0000000796d80000,0x0000000797c00000)
 ParOldGen       total 87552K, used 30041K [0x0000000740000000, 0x0000000745580000, 0x0000000795580000)
  object space 87552K, 34% used [0x0000000740000000,0x0000000741d56720,0x0000000745580000)
 Metaspace       used 20123K, capacity 21110K, committed 21376K, reserved 1067008K
  class space    used 2632K, capacity 2867K, committed 2944K, reserved 1048576K
Event: 72.901 GC heap after
Heap after GC invocations=23 (full 2):
 PSYoungGen      total 24576K, used 64K [0x0000000795580000, 0x0000000798900000, 0x00000007c0000000)
  eden space 24064K, 0% used [0x0000000795580000,0x0000000795580000,0x0000000796d00000)
  from space 512K, 12% used [0x0000000796d80000,0x0000000796d90000,0x0000000796e00000)
  to   space 14336K, 0% used [0x0000000797b00000,0x0000000797b00000,0x0000000798900000)
 ParOldGen       total 87552K, used 30057K [0x0000000740000000, 0x0000000745580000, 0x0000000795580000)
  object space 87552K, 34% used [0x0000000740000000,0x0000000741d5a720,0x0000000745580000)
 Metaspace       used 20123K, capacity 21110K, committed 21376K, reserved 1067008K
  class space    used 2632K, capacity 2867K, committed 2944K, reserved 1048576K
}

