# JRE version: Java(TM) SE Runtime Environment (8.0_77-b03) (build 1.8.0_77-b03)
# Java VM: Java HotSpot(TM) 64-Bit Server VM (25.77-b03 mixed mode bsd-amd64 compressed oops)
Heap:
 PSYoungGen      total 39936K, used 6483K [0x0000000795580000, 0x0000000798b80000, 0x00000007c0000000)
  eden space 26624K, 23% used [0x0000000795580000,0x0000000795bacef0,0x0000000796f80000)
  from space 13312K, 1% used [0x0000000797e80000,0x0000000797ea8000,0x0000000798b80000)
  to   space 14336K, 0% used [0x0000000796f80000,0x0000000796f80000,0x0000000797d80000)
 ParOldGen       total 74752K, used 34625K [0x0000000740000000, 0x0000000744900000, 0x0000000795580000)
  object space 74752K, 46% used [0x0000000740000000,0x00000007421d0508,0x0000000744900000)
 Metaspace       used 22408K, capacity 23340K, committed 23424K, reserved 1069056K
  class space    used 2912K, capacity 3134K, committed 3200K, reserved 1048576K
GC Heap History (10 events):
Event: 102.355 GC heap before
{Heap before GC invocations=19 (full 1):
 PSYoungGen      total 27136K, used 26784K [0x0000000795580000, 0x0000000799380000, 0x00000007c0000000)
  eden space 26624K, 100% used [0x0000000795580000,0x0000000796f80000,0x0000000796f80000)
  from space 512K, 31% used [0x0000000796f80000,0x0000000796fa8000,0x0000000797000000)
  to   space 18432K, 0% used [0x0000000798180000,0x0000000798180000,0x0000000799380000)
 ParOldGen       total 74752K, used 34625K [0x0000000740000000, 0x0000000744900000, 0x0000000795580000)
  object space 74752K, 46% used [0x0000000740000000,0x00000007421d0508,0x0000000744900000)
 Metaspace       used 22391K, capacity 23316K, committed 23424K, reserved 1069056K
  class space    used 2907K, capacity 3128K, committed 3200K, reserved 1048576K
Event: 102.357 GC heap after
Heap after GC invocations=19 (full 1):
 PSYoungGen      total 43008K, used 160K [0x0000000795580000, 0x0000000799180000, 0x00000007c0000000)
  eden space 26624K, 0% used [0x0000000795580000,0x0000000795580000,0x0000000796f80000)
  from space 16384K, 0% used [0x0000000798180000,0x00000007981a8000,0x0000000799180000)
  to   space 17408K, 0% used [0x0000000796f80000,0x0000000796f80000,0x0000000798080000)
 ParOldGen       total 74752K, used 34625K [0x0000000740000000, 0x0000000744900000, 0x0000000795580000)
  object space 74752K, 46% used [0x0000000740000000,0x00000007421d0508,0x0000000744900000)
 Metaspace       used 22391K, capacity 23316K, committed 23424K, reserved 1069056K
  class space    used 2907K, capacity 3128K, committed 3200K, reserved 1048576K
}
Event: 109.102 GC heap before
{Heap before GC invocations=20 (full 1):
 PSYoungGen      total 43008K, used 26784K [0x0000000795580000, 0x0000000799180000, 0x00000007c0000000)
  eden space 26624K, 100% used [0x0000000795580000,0x0000000796f80000,0x0000000796f80000)
  from space 16384K, 0% used [0x0000000798180000,0x00000007981a8000,0x0000000799180000)
  to   space 17408K, 0% used [0x0000000796f80000,0x0000000796f80000,0x0000000798080000)
 ParOldGen       total 74752K, used 34625K [0x0000000740000000, 0x0000000744900000, 0x0000000795580000)
  object space 74752K, 46% used [0x0000000740000000,0x00000007421d0508,0x0000000744900000)
 Metaspace       used 22391K, capacity 23316K, committed 23424K, reserved 1069056K
  class space    used 2907K, capacity 3128K, committed 3200K, reserved 1048576K
Event: 109.103 GC heap after
Heap after GC invocations=20 (full 1):
 PSYoungGen      total 27136K, used 160K [0x0000000795580000, 0x0000000799080000, 0x00000007c0000000)
  eden space 26624K, 0% used [0x0000000795580000,0x0000000795580000,0x0000000796f80000)
  from space 512K, 31% used [0x0000000796f80000,0x0000000796fa8000,0x0000000797000000)
  to   space 16896K, 0% used [0x0000000798000000,0x0000000798000000,0x0000000799080000)
 ParOldGen       total 74752K, used 34625K [0x0000000740000000, 0x0000000744900000, 0x0000000795580000)
  object space 74752K, 46% used [0x0000000740000000,0x00000007421d0508,0x0000000744900000)
 Metaspace       used 22391K, capacity 23316K, committed 23424K, reserved 1069056K
  class space    used 2907K, capacity 3128K, committed 3200K, reserved 1048576K
}
Event: 116.814 GC heap before
{Heap before GC invocations=21 (full 1):
 PSYoungGen      total 27136K, used 26784K [0x0000000795580000, 0x0000000799080000, 0x00000007c0000000)
  eden space 26624K, 100% used [0x0000000795580000,0x0000000796f80000,0x0000000796f80000)
  from space 512K, 31% used [0x0000000796f80000,0x0000000796fa8000,0x0000000797000000)
  to   space 16896K, 0% used [0x0000000798000000,0x0000000798000000,0x0000000799080000)
 ParOldGen       total 74752K, used 34625K [0x0000000740000000, 0x0000000744900000, 0x0000000795580000)
  object space 74752K, 46% used [0x0000000740000000,0x00000007421d0508,0x0000000744900000)
 Metaspace       used 22391K, capacity 23316K, committed 23424K, reserved 1069056K
  class space    used 2907K, capacity 3128K, committed 3200K, reserved 1048576K
Event: 116.815 GC heap after
Heap after GC invocations=21 (full 1):
 PSYoungGen      total 41472K, used 160K [0x0000000795580000, 0x0000000798e80000, 0x00000007c0000000)
  eden space 26624K, 0% used [0x0000000795580000,0x0000000795580000,0x0000000796f80000)
  from space 14848K, 1% used [0x0000000798000000,0x0000000798028000,0x0000000798e80000)
  to   space 15872K, 0% used [0x0000000796f80000,0x0000000796f80000,0x0000000797f00000)
 ParOldGen       total 74752K, used 34625K [0x0000000740000000, 0x0000000744900000, 0x0000000795580000)
  object space 74752K, 46% used [0x0000000740000000,0x00000007421d0508,0x0000000744900000)
 Metaspace       used 22391K, capacity 23316K, committed 23424K, reserved 1069056K
  class space    used 2907K, capacity 3128K, committed 3200K, reserved 1048576K
}
Event: 123.597 GC heap before
{Heap before GC invocations=22 (full 1):
 PSYoungGen      total 41472K, used 26784K [0x0000000795580000, 0x0000000798e80000, 0x00000007c0000000)
  eden space 26624K, 100% used [0x0000000795580000,0x0000000796f80000,0x0000000796f80000)
  from space 14848K, 1% used [0x0000000798000000,0x0000000798028000,0x0000000798e80000)
  to   space 15872K, 0% used [0x0000000796f80000,0x0000000796f80000,0x0000000797f00000)
 ParOldGen       total 74752K, used 34625K [0x0000000740000000, 0x0000000744900000, 0x0000000795580000)
  object space 74752K, 46% used [0x0000000740000000,0x00000007421d0508,0x0000000744900000)
 Metaspace       used 22392K, capacity 23316K, committed 23424K, reserved 1069056K
  class space    used 2907K, capacity 3128K, committed 3200K, reserved 1048576K
Event: 123.599 GC heap after
Heap after GC invocations=22 (full 1):
 PSYoungGen      total 27136K, used 128K [0x0000000795580000, 0x0000000798d80000, 0x00000007c0000000)
  eden space 26624K, 0% used [0x0000000795580000,0x0000000795580000,0x0000000796f80000)
  from space 512K, 25% used [0x0000000796f80000,0x0000000796fa0000,0x0000000797000000)
  to   space 15360K, 0% used [0x0000000797e80000,0x0000000797e80000,0x0000000798d80000)
 ParOldGen       total 74752K, used 34625K [0x0000000740000000, 0x0000000744900000, 0x0000000795580000)
  object space 74752K, 46% used [0x0000000740000000,0x00000007421d0508,0x0000000744900000)
 Metaspace       used 22392K, capacity 23316K, committed 23424K, reserved 1069056K
  class space    used 2907K, capacity 3128K, committed 3200K, reserved 1048576K
}
Event: 130.360 GC heap before
{Heap before GC invocations=23 (full 1):
 PSYoungGen      total 27136K, used 26752K [0x0000000795580000, 0x0000000798d80000, 0x00000007c0000000)
  eden space 26624K, 100% used [0x0000000795580000,0x0000000796f80000,0x0000000796f80000)
  from space 512K, 25% used [0x0000000796f80000,0x0000000796fa0000,0x0000000797000000)
  to   space 15360K, 0% used [0x0000000797e80000,0x0000000797e80000,0x0000000798d80000)
 ParOldGen       total 74752K, used 34625K [0x0000000740000000, 0x0000000744900000, 0x0000000795580000)
  object space 74752K, 46% used [0x0000000740000000,0x00000007421d0508,0x0000000744900000)
 Metaspace       used 22392K, capacity 23316K, committed 23424K, reserved 1069056K
  class space    used 2907K, capacity 3128K, committed 3200K, reserved 1048576K
Event: 130.361 GC heap after
Heap after GC invocations=23 (full 1):
 PSYoungGen      total 39936K, used 160K [0x0000000795580000, 0x0000000798b80000, 0x00000007c0000000)
  eden space 26624K, 0% used [0x0000000795580000,0x0000000795580000,0x0000000796f80000)
  from space 13312K, 1% used [0x0000000797e80000,0x0000000797ea8000,0x0000000798b80000)
  to   space 14336K, 0% used [0x0000000796f80000,0x0000000796f80000,0x0000000797d80000)
 ParOldGen       total 74752K, used 34625K [0x0000000740000000, 0x0000000744900000, 0x0000000795580000)
  object space 74752K, 46% used [0x0000000740000000,0x00000007421d0508,0x0000000744900000)
 Metaspace       used 22392K, capacity 23316K, committed 23424K, reserved 1069056K
  class space    used 2907K, capacity 3128K, committed 3200K, reserved 1048576K
}

