# JRE version: Java(TM) SE Runtime Environment (8.0_77-b03) (build 1.8.0_77-b03)
# Java VM: Java HotSpot(TM) 64-Bit Server VM (25.77-b03 mixed mode bsd-amd64 compressed oops)
Heap:
 PSYoungGen      total 26112K, used 18940K [0x0000000795580000, 0x0000000798d80000, 0x00000007c0000000)
  eden space 25600K, 73% used [0x0000000795580000,0x00000007967ef2a8,0x0000000796e80000)
  from space 512K, 12% used [0x0000000796f00000,0x0000000796f10000,0x0000000796f80000)
  to   space 15872K, 0% used [0x0000000797e00000,0x0000000797e00000,0x0000000798d80000)
 ParOldGen       total 87552K, used 35917K [0x0000000740000000, 0x0000000745580000, 0x0000000795580000)
  object space 87552K, 41% used [0x0000000740000000,0x0000000742313628,0x0000000745580000)
 Metaspace       used 19997K, capacity 20982K, committed 21120K, reserved 1067008K
  class space    used 2626K, capacity 2871K, committed 2944K, reserved 1048576K
GC Heap History (10 events):
Event: 53.258 GC heap before
{Heap before GC invocations=16 (full 1):
 PSYoungGen      total 46080K, used 28288K [0x0000000795580000, 0x0000000799500000, 0x00000007c0000000)
  eden space 28160K, 100% used [0x0000000795580000,0x0000000797100000,0x0000000797100000)
  from space 17920K, 0% used [0x0000000798380000,0x00000007983a0000,0x0000000799500000)
  to   space 18432K, 0% used [0x0000000797100000,0x0000000797100000,0x0000000798300000)
 ParOldGen       total 87552K, used 35853K [0x0000000740000000, 0x0000000745580000, 0x0000000795580000)
  object space 87552K, 40% used [0x0000000740000000,0x0000000742303628,0x0000000745580000)
 Metaspace       used 19976K, capacity 20958K, committed 21120K, reserved 1067008K
  class space    used 2621K, capacity 2865K, committed 2944K, reserved 1048576K
Event: 53.259 GC heap after
Heap after GC invocations=16 (full 1):
 PSYoungGen      total 28160K, used 128K [0x0000000795580000, 0x0000000799380000, 0x00000007c0000000)
  eden space 27648K, 0% used [0x0000000795580000,0x0000000795580000,0x0000000797080000)
  from space 512K, 25% used [0x0000000797100000,0x0000000797120000,0x0000000797180000)
  to   space 17920K, 0% used [0x0000000798200000,0x0000000798200000,0x0000000799380000)
 ParOldGen       total 87552K, used 35885K [0x0000000740000000, 0x0000000745580000, 0x0000000795580000)
  object space 87552K, 40% used [0x0000000740000000,0x000000074230b628,0x0000000745580000)
 Metaspace       used 19976K, capacity 20958K, committed 21120K, reserved 1067008K
  class space    used 2621K, capacity 2865K, committed 2944K, reserved 1048576K
}
Event: 58.491 GC heap before
{Heap before GC invocations=17 (full 1):
 PSYoungGen      total 28160K, used 27776K [0x0000000795580000, 0x0000000799380000, 0x00000007c0000000)
  eden space 27648K, 100% used [0x0000000795580000,0x0000000797080000,0x0000000797080000)
  from space 512K, 25% used [0x0000000797100000,0x0000000797120000,0x0000000797180000)
  to   space 17920K, 0% used [0x0000000798200000,0x0000000798200000,0x0000000799380000)
 ParOldGen       total 87552K, used 35885K [0x0000000740000000, 0x0000000745580000, 0x0000000795580000)
  object space 87552K, 40% used [0x0000000740000000,0x000000074230b628,0x0000000745580000)
 Metaspace       used 19976K, capacity 20958K, committed 21120K, reserved 1067008K
  class space    used 2621K, capacity 2865K, committed 2944K, reserved 1048576K
Event: 58.493 GC heap after
Heap after GC invocations=17 (full 1):
 PSYoungGen      total 43520K, used 64K [0x0000000795580000, 0x0000000799200000, 0x00000007c0000000)
  eden space 27136K, 0% used [0x0000000795580000,0x0000000795580000,0x0000000797000000)
  from space 16384K, 0% used [0x0000000798200000,0x0000000798210000,0x0000000799200000)
  to   space 17408K, 0% used [0x0000000797000000,0x0000000797000000,0x0000000798100000)
 ParOldGen       total 87552K, used 35893K [0x0000000740000000, 0x0000000745580000, 0x0000000795580000)
  object space 87552K, 40% used [0x0000000740000000,0x000000074230d628,0x0000000745580000)
 Metaspace       used 19976K, capacity 20958K, committed 21120K, reserved 1067008K
  class space    used 2621K, capacity 2865K, committed 2944K, reserved 1048576K
}
Event: 63.758 GC heap before
{Heap before GC invocations=18 (full 1):
 PSYoungGen      total 43520K, used 27200K [0x0000000795580000, 0x0000000799200000, 0x00000007c0000000)
  eden space 27136K, 100% used [0x0000000795580000,0x0000000797000000,0x0000000797000000)
  from space 16384K, 0% used [0x0000000798200000,0x0000000798210000,0x0000000799200000)
  to   space 17408K, 0% used [0x0000000797000000,0x0000000797000000,0x0000000798100000)
 ParOldGen       total 87552K, used 35893K [0x0000000740000000, 0x0000000745580000, 0x0000000795580000)
  object space 87552K, 40% used [0x0000000740000000,0x000000074230d628,0x0000000745580000)
 Metaspace       used 19976K, capacity 20958K, committed 21120K, reserved 1067008K
  class space    used 2621K, capacity 2865K, committed 2944K, reserved 1048576K
Event: 63.759 GC heap after
Heap after GC invocations=18 (full 1):
 PSYoungGen      total 27136K, used 96K [0x0000000795580000, 0x0000000799080000, 0x00000007c0000000)
  eden space 26624K, 0% used [0x0000000795580000,0x0000000795580000,0x0000000796f80000)
  from space 512K, 18% used [0x0000000797000000,0x0000000797018000,0x0000000797080000)
  to   space 16896K, 0% used [0x0000000798000000,0x0000000798000000,0x0000000799080000)
 ParOldGen       total 87552K, used 35893K [0x0000000740000000, 0x0000000745580000, 0x0000000795580000)
  object space 87552K, 40% used [0x0000000740000000,0x000000074230d628,0x0000000745580000)
 Metaspace       used 19976K, capacity 20958K, committed 21120K, reserved 1067008K
  class space    used 2621K, capacity 2865K, committed 2944K, reserved 1048576K
}
Event: 68.551 GC heap before
{Heap before GC invocations=19 (full 1):
 PSYoungGen      total 27136K, used 26720K [0x0000000795580000, 0x0000000799080000, 0x00000007c0000000)
  eden space 26624K, 100% used [0x0000000795580000,0x0000000796f80000,0x0000000796f80000)
  from space 512K, 18% used [0x0000000797000000,0x0000000797018000,0x0000000797080000)
  to   space 16896K, 0% used [0x0000000798000000,0x0000000798000000,0x0000000799080000)
 ParOldGen       total 87552K, used 35893K [0x0000000740000000, 0x0000000745580000, 0x0000000795580000)
  object space 87552K, 40% used [0x0000000740000000,0x000000074230d628,0x0000000745580000)
 Metaspace       used 19976K, capacity 20958K, committed 21120K, reserved 1067008K
  class space    used 2621K, capacity 2865K, committed 2944K, reserved 1048576K
Event: 68.558 GC heap after
Heap after GC invocations=19 (full 1):
 PSYoungGen      total 41472K, used 128K [0x0000000795580000, 0x0000000798f00000, 0x00000007c0000000)
  eden space 26112K, 0% used [0x0000000795580000,0x0000000795580000,0x0000000796f00000)
  from space 15360K, 0% used [0x0000000798000000,0x0000000798020000,0x0000000798f00000)
  to   space 16384K, 0% used [0x0000000796f00000,0x0000000796f00000,0x0000000797f00000)
 ParOldGen       total 87552K, used 35917K [0x0000000740000000, 0x0000000745580000, 0x0000000795580000)
  object space 87552K, 41% used [0x0000000740000000,0x0000000742313628,0x0000000745580000)
 Metaspace       used 19976K, capacity 20958K, committed 21120K, reserved 1067008K
  class space    used 2621K, capacity 2865K, committed 2944K, reserved 1048576K
}
Event: 73.322 GC heap before
{Heap before GC invocations=20 (full 1):
 PSYoungGen      total 41472K, used 26240K [0x0000000795580000, 0x0000000798f00000, 0x00000007c0000000)
  eden space 26112K, 100% used [0x0000000795580000,0x0000000796f00000,0x0000000796f00000)
  from space 15360K, 0% used [0x0000000798000000,0x0000000798020000,0x0000000798f00000)
  to   space 16384K, 0% used [0x0000000796f00000,0x0000000796f00000,0x0000000797f00000)
 ParOldGen       total 87552K, used 35917K [0x0000000740000000, 0x0000000745580000, 0x0000000795580000)
  object space 87552K, 41% used [0x0000000740000000,0x0000000742313628,0x0000000745580000)
 Metaspace       used 19976K, capacity 20958K, committed 21120K, reserved 1067008K
  class space    used 2621K, capacity 2865K, committed 2944K, reserved 1048576K
Event: 73.323 GC heap after
Heap after GC invocations=20 (full 1):
 PSYoungGen      total 26112K, used 64K [0x0000000795580000, 0x0000000798d80000, 0x00000007c0000000)
  eden space 25600K, 0% used [0x0000000795580000,0x0000000795580000,0x0000000796e80000)
  from space 512K, 12% used [0x0000000796f00000,0x0000000796f10000,0x0000000796f80000)
  to   space 15872K, 0% used [0x0000000797e00000,0x0000000797e00000,0x0000000798d80000)
 ParOldGen       total 87552K, used 35917K [0x0000000740000000, 0x0000000745580000, 0x0000000795580000)
  object space 87552K, 41% used [0x0000000740000000,0x0000000742313628,0x0000000745580000)
 Metaspace       used 19976K, capacity 20958K, committed 21120K, reserved 1067008K
  class space    used 2621K, capacity 2865K, committed 2944K, reserved 1048576K
}

