# JRE version: Java(TM) SE Runtime Environment (8.0_77-b03) (build 1.8.0_77-b03)
# Java VM: Java HotSpot(TM) 64-Bit Server VM (25.77-b03 mixed mode bsd-amd64 compressed oops)
Heap:
 PSYoungGen      total 37888K, used 10879K [0x0000000795580000, 0x0000000798b00000, 0x00000007c0000000)
  eden space 20992K, 51% used [0x0000000795580000,0x0000000795fffd80,0x0000000796a00000)
  from space 16896K, 0% used [0x0000000796a00000,0x0000000796a20000,0x0000000797a80000)
  to   space 16896K, 0% used [0x0000000797a80000,0x0000000797a80000,0x0000000798b00000)
 ParOldGen       total 87552K, used 33869K [0x0000000740000000, 0x0000000745580000, 0x0000000795580000)
  object space 87552K, 38% used [0x0000000740000000,0x00000007421134f8,0x0000000745580000)
 Metaspace       used 20063K, capacity 21064K, committed 21376K, reserved 1067008K
  class space    used 2634K, capacity 2872K, committed 2944K, reserved 1048576K
GC Heap History (10 events):
Event: 17.458 GC heap before
{Heap before GC invocations=8 (full 1):
 PSYoungGen      total 26624K, used 26607K [0x0000000795580000, 0x0000000799680000, 0x00000007c0000000)
  eden space 21504K, 100% used [0x0000000795580000,0x0000000796a80000,0x0000000796a80000)
  from space 5120K, 99% used [0x0000000797b00000,0x0000000797ffbd70,0x0000000798000000)
  to   space 16896K, 0% used [0x0000000796a80000,0x0000000796a80000,0x0000000797b00000)
 ParOldGen       total 87552K, used 28793K [0x0000000740000000, 0x0000000745580000, 0x0000000795580000)
  object space 87552K, 32% used [0x0000000740000000,0x0000000741c1e6c0,0x0000000745580000)
 Metaspace       used 19950K, capacity 20888K, committed 21120K, reserved 1067008K
  class space    used 2628K, capacity 2864K, committed 2944K, reserved 1048576K
Event: 17.460 GC heap after
Heap after GC invocations=8 (full 1):
 PSYoungGen      total 38400K, used 3023K [0x0000000795580000, 0x0000000798c80000, 0x00000007c0000000)
  eden space 21504K, 0% used [0x0000000795580000,0x0000000795580000,0x0000000796a80000)
  from space 16896K, 17% used [0x0000000796a80000,0x0000000796d73d60,0x0000000797b00000)
  to   space 17408K, 0% used [0x0000000797b80000,0x0000000797b80000,0x0000000798c80000)
 ParOldGen       total 87552K, used 28801K [0x0000000740000000, 0x0000000745580000, 0x0000000795580000)
  object space 87552K, 32% used [0x0000000740000000,0x0000000741c206c0,0x0000000745580000)
 Metaspace       used 19950K, capacity 20888K, committed 21120K, reserved 1067008K
  class space    used 2628K, capacity 2864K, committed 2944K, reserved 1048576K
}
Event: 21.961 GC heap before
{Heap before GC invocations=9 (full 1):
 PSYoungGen      total 38400K, used 24527K [0x0000000795580000, 0x0000000798c80000, 0x00000007c0000000)
  eden space 21504K, 100% used [0x0000000795580000,0x0000000796a80000,0x0000000796a80000)
  from space 16896K, 17% used [0x0000000796a80000,0x0000000796d73d60,0x0000000797b00000)
  to   space 17408K, 0% used [0x0000000797b80000,0x0000000797b80000,0x0000000798c80000)
 ParOldGen       total 87552K, used 28805K [0x0000000740000000, 0x0000000745580000, 0x0000000795580000)
  object space 87552K, 32% used [0x0000000740000000,0x0000000741c21460,0x0000000745580000)
 Metaspace       used 19995K, capacity 20892K, committed 21120K, reserved 1067008K
  class space    used 2628K, capacity 2864K, committed 2944K, reserved 1048576K
Event: 21.967 GC heap after
Heap after GC invocations=9 (full 1):
 PSYoungGen      total 37888K, used 5071K [0x0000000795580000, 0x0000000798b80000, 0x00000007c0000000)
  eden space 21504K, 0% used [0x0000000795580000,0x0000000795580000,0x0000000796a80000)
  from space 16384K, 30% used [0x0000000797b80000,0x0000000798073d70,0x0000000798b80000)
  to   space 16896K, 0% used [0x0000000796a80000,0x0000000796a80000,0x0000000797b00000)
 ParOldGen       total 87552K, used 28813K [0x0000000740000000, 0x0000000745580000, 0x0000000795580000)
  object space 87552K, 32% used [0x0000000740000000,0x0000000741c23460,0x0000000745580000)
 Metaspace       used 19995K, capacity 20892K, committed 21120K, reserved 1067008K
  class space    used 2628K, capacity 2864K, committed 2944K, reserved 1048576K
}
Event: 26.068 GC heap before
{Heap before GC invocations=10 (full 1):
 PSYoungGen      total 37888K, used 26575K [0x0000000795580000, 0x0000000798b80000, 0x00000007c0000000)
  eden space 21504K, 100% used [0x0000000795580000,0x0000000796a80000,0x0000000796a80000)
  from space 16384K, 30% used [0x0000000797b80000,0x0000000798073d70,0x0000000798b80000)
  to   space 16896K, 0% used [0x0000000796a80000,0x0000000796a80000,0x0000000797b00000)
 ParOldGen       total 87552K, used 28813K [0x0000000740000000, 0x0000000745580000, 0x0000000795580000)
  object space 87552K, 32% used [0x0000000740000000,0x0000000741c23460,0x0000000745580000)
 Metaspace       used 20041K, capacity 21034K, committed 21120K, reserved 1067008K
  class space    used 2629K, capacity 2865K, committed 2944K, reserved 1048576K
Event: 26.071 GC heap after
Heap after GC invocations=10 (full 1):
 PSYoungGen      total 27136K, used 5135K [0x0000000795580000, 0x0000000798a80000, 0x00000007c0000000)
  eden space 21504K, 0% used [0x0000000795580000,0x0000000795580000,0x0000000796a80000)
  from space 5632K, 91% used [0x0000000796a80000,0x0000000796f83d70,0x0000000797000000)
  to   space 16384K, 0% used [0x0000000797a80000,0x0000000797a80000,0x0000000798a80000)
 ParOldGen       total 87552K, used 28821K [0x0000000740000000, 0x0000000745580000, 0x0000000795580000)
  object space 87552K, 32% used [0x0000000740000000,0x0000000741c25460,0x0000000745580000)
 Metaspace       used 20041K, capacity 21034K, committed 21120K, reserved 1067008K
  class space    used 2629K, capacity 2865K, committed 2944K, reserved 1048576K
}
Event: 26.551 GC heap before
{Heap before GC invocations=11 (full 1):
 PSYoungGen      total 27136K, used 26639K [0x0000000795580000, 0x0000000798a80000, 0x00000007c0000000)
  eden space 21504K, 100% used [0x0000000795580000,0x0000000796a80000,0x0000000796a80000)
  from space 5632K, 91% used [0x0000000796a80000,0x0000000796f83d70,0x0000000797000000)
  to   space 16384K, 0% used [0x0000000797a80000,0x0000000797a80000,0x0000000798a80000)
 ParOldGen       total 87552K, used 28821K [0x0000000740000000, 0x0000000745580000, 0x0000000795580000)
  object space 87552K, 32% used [0x0000000740000000,0x0000000741c25460,0x0000000745580000)
 Metaspace       used 20044K, capacity 21034K, committed 21120K, reserved 1067008K
  class space    used 2629K, capacity 2865K, committed 2944K, reserved 1048576K
Event: 26.559 GC heap after
Heap after GC invocations=11 (full 1):
 PSYoungGen      total 37376K, used 192K [0x0000000795580000, 0x0000000798b80000, 0x00000007c0000000)
  eden space 20992K, 0% used [0x0000000795580000,0x0000000795580000,0x0000000796a00000)
  from space 16384K, 1% used [0x0000000797a80000,0x0000000797ab0000,0x0000000798a80000)
  to   space 16896K, 0% used [0x0000000796a00000,0x0000000796a00000,0x0000000797a80000)
 ParOldGen       total 87552K, used 33836K [0x0000000740000000, 0x0000000745580000, 0x0000000795580000)
  object space 87552K, 38% used [0x0000000740000000,0x000000074210b1d0,0x0000000745580000)
 Metaspace       used 20044K, capacity 21034K, committed 21120K, reserved 1067008K
  class space    used 2629K, capacity 2865K, committed 2944K, reserved 1048576K
}
Event: 29.659 GC heap before
{Heap before GC invocations=12 (full 1):
 PSYoungGen      total 37376K, used 21184K [0x0000000795580000, 0x0000000798b80000, 0x00000007c0000000)
  eden space 20992K, 100% used [0x0000000795580000,0x0000000796a00000,0x0000000796a00000)
  from space 16384K, 1% used [0x0000000797a80000,0x0000000797ab0000,0x0000000798a80000)
  to   space 16896K, 0% used [0x0000000796a00000,0x0000000796a00000,0x0000000797a80000)
 ParOldGen       total 87552K, used 33837K [0x0000000740000000, 0x0000000745580000, 0x0000000795580000)
  object space 87552K, 38% used [0x0000000740000000,0x000000074210b4f8,0x0000000745580000)
 Metaspace       used 20046K, capacity 21034K, committed 21120K, reserved 1067008K
  class space    used 2629K, capacity 2865K, committed 2944K, reserved 1048576K
Event: 29.674 GC heap after
Heap after GC invocations=12 (full 1):
 PSYoungGen      total 37888K, used 128K [0x0000000795580000, 0x0000000798b00000, 0x00000007c0000000)
  eden space 20992K, 0% used [0x0000000795580000,0x0000000795580000,0x0000000796a00000)
  from space 16896K, 0% used [0x0000000796a00000,0x0000000796a20000,0x0000000797a80000)
  to   space 16896K, 0% used [0x0000000797a80000,0x0000000797a80000,0x0000000798b00000)
 ParOldGen       total 87552K, used 33869K [0x0000000740000000, 0x0000000745580000, 0x0000000795580000)
  object space 87552K, 38% used [0x0000000740000000,0x00000007421134f8,0x0000000745580000)
 Metaspace       used 20046K, capacity 21034K, committed 21120K, reserved 1067008K
  class space    used 2629K, capacity 2865K, committed 2944K, reserved 1048576K
}

