# JRE version: Java(TM) SE Runtime Environment (8.0_77-b03) (build 1.8.0_77-b03)
# Java VM: Java HotSpot(TM) 64-Bit Server VM (25.77-b03 mixed mode bsd-amd64 compressed oops)
Heap:
 PSYoungGen      total 34304K, used 15097K [0x0000000795580000, 0x0000000798200000, 0x00000007c0000000)
  eden space 24064K, 62% used [0x0000000795580000,0x000000079641e428,0x0000000796d00000)
  from space 10240K, 1% used [0x0000000797800000,0x0000000797820000,0x0000000798200000)
  to   space 10752K, 0% used [0x0000000796d00000,0x0000000796d00000,0x0000000797780000)
 ParOldGen       total 52736K, used 22033K [0x0000000740000000, 0x0000000743380000, 0x0000000795580000)
  object space 52736K, 41% used [0x0000000740000000,0x0000000741584758,0x0000000743380000)
 Metaspace       used 20837K, capacity 21544K, committed 21760K, reserved 1069056K
  class space    used 2613K, capacity 2812K, committed 2816K, reserved 1048576K
GC Heap History (10 events):
Event: 88.641 GC heap before
{Heap before GC invocations=17 (full 1):
 PSYoungGen      total 26112K, used 25696K [0x0000000795580000, 0x0000000798780000, 0x00000007c0000000)
  eden space 25600K, 100% used [0x0000000795580000,0x0000000796e80000,0x0000000796e80000)
  from space 512K, 18% used [0x0000000796f00000,0x0000000796f18000,0x0000000796f80000)
  to   space 12800K, 0% used [0x0000000797b00000,0x0000000797b00000,0x0000000798780000)
 ParOldGen       total 52736K, used 22033K [0x0000000740000000, 0x0000000743380000, 0x0000000795580000)
  object space 52736K, 41% used [0x0000000740000000,0x0000000741584758,0x0000000743380000)
 Metaspace       used 20825K, capacity 21520K, committed 21760K, reserved 1069056K
  class space    used 2608K, capacity 2806K, committed 2816K, reserved 1048576K
Event: 88.642 GC heap after
Heap after GC invocations=17 (full 1):
 PSYoungGen      total 36352K, used 64K [0x0000000795580000, 0x0000000798600000, 0x00000007c0000000)
  eden space 25088K, 0% used [0x0000000795580000,0x0000000795580000,0x0000000796e00000)
  from space 11264K, 0% used [0x0000000797b00000,0x0000000797b10000,0x0000000798600000)
  to   space 12288K, 0% used [0x0000000796e00000,0x0000000796e00000,0x0000000797a00000)
 ParOldGen       total 52736K, used 22033K [0x0000000740000000, 0x0000000743380000, 0x0000000795580000)
  object space 52736K, 41% used [0x0000000740000000,0x0000000741584758,0x0000000743380000)
 Metaspace       used 20825K, capacity 21520K, committed 21760K, reserved 1069056K
  class space    used 2608K, capacity 2806K, committed 2816K, reserved 1048576K
}
Event: 94.446 GC heap before
{Heap before GC invocations=18 (full 1):
 PSYoungGen      total 36352K, used 25152K [0x0000000795580000, 0x0000000798600000, 0x00000007c0000000)
  eden space 25088K, 100% used [0x0000000795580000,0x0000000796e00000,0x0000000796e00000)
  from space 11264K, 0% used [0x0000000797b00000,0x0000000797b10000,0x0000000798600000)
  to   space 12288K, 0% used [0x0000000796e00000,0x0000000796e00000,0x0000000797a00000)
 ParOldGen       total 52736K, used 22033K [0x0000000740000000, 0x0000000743380000, 0x0000000795580000)
  object space 52736K, 41% used [0x0000000740000000,0x0000000741584758,0x0000000743380000)
 Metaspace       used 20825K, capacity 21520K, committed 21760K, reserved 1069056K
  class space    used 2608K, capacity 2806K, committed 2816K, reserved 1048576K
Event: 94.447 GC heap after
Heap after GC invocations=18 (full 1):
 PSYoungGen      total 25088K, used 96K [0x0000000795580000, 0x0000000798480000, 0x00000007c0000000)
  eden space 24576K, 0% used [0x0000000795580000,0x0000000795580000,0x0000000796d80000)
  from space 512K, 18% used [0x0000000796e00000,0x0000000796e18000,0x0000000796e80000)
  to   space 11776K, 0% used [0x0000000797900000,0x0000000797900000,0x0000000798480000)
 ParOldGen       total 52736K, used 22033K [0x0000000740000000, 0x0000000743380000, 0x0000000795580000)
  object space 52736K, 41% used [0x0000000740000000,0x0000000741584758,0x0000000743380000)
 Metaspace       used 20825K, capacity 21520K, committed 21760K, reserved 1069056K
  class space    used 2608K, capacity 2806K, committed 2816K, reserved 1048576K
}
Event: 100.283 GC heap before
{Heap before GC invocations=19 (full 1):
 PSYoungGen      total 25088K, used 24672K [0x0000000795580000, 0x0000000798480000, 0x00000007c0000000)
  eden space 24576K, 100% used [0x0000000795580000,0x0000000796d80000,0x0000000796d80000)
  from space 512K, 18% used [0x0000000796e00000,0x0000000796e18000,0x0000000796e80000)
  to   space 11776K, 0% used [0x0000000797900000,0x0000000797900000,0x0000000798480000)
 ParOldGen       total 52736K, used 22033K [0x0000000740000000, 0x0000000743380000, 0x0000000795580000)
  object space 52736K, 41% used [0x0000000740000000,0x0000000741584758,0x0000000743380000)
 Metaspace       used 20825K, capacity 21520K, committed 21760K, reserved 1069056K
  class space    used 2608K, capacity 2806K, committed 2816K, reserved 1048576K
Event: 100.284 GC heap after
Heap after GC invocations=19 (full 1):
 PSYoungGen      total 35328K, used 128K [0x0000000795580000, 0x0000000798400000, 0x00000007c0000000)
  eden space 24064K, 0% used [0x0000000795580000,0x0000000795580000,0x0000000796d00000)
  from space 11264K, 1% used [0x0000000797900000,0x0000000797920000,0x0000000798400000)
  to   space 11776K, 0% used [0x0000000796d00000,0x0000000796d00000,0x0000000797880000)
 ParOldGen       total 52736K, used 22033K [0x0000000740000000, 0x0000000743380000, 0x0000000795580000)
  object space 52736K, 41% used [0x0000000740000000,0x0000000741584758,0x0000000743380000)
 Metaspace       used 20825K, capacity 21520K, committed 21760K, reserved 1069056K
  class space    used 2608K, capacity 2806K, committed 2816K, reserved 1048576K
}
Event: 106.082 GC heap before
{Heap before GC invocations=20 (full 1):
 PSYoungGen      total 35328K, used 24192K [0x0000000795580000, 0x0000000798400000, 0x00000007c0000000)
  eden space 24064K, 100% used [0x0000000795580000,0x0000000796d00000,0x0000000796d00000)
  from space 11264K, 1% used [0x0000000797900000,0x0000000797920000,0x0000000798400000)
  to   space 11776K, 0% used [0x0000000796d00000,0x0000000796d00000,0x0000000797880000)
 ParOldGen       total 52736K, used 22033K [0x0000000740000000, 0x0000000743380000, 0x0000000795580000)
  object space 52736K, 41% used [0x0000000740000000,0x0000000741584758,0x0000000743380000)
 Metaspace       used 20825K, capacity 21520K, committed 21760K, reserved 1069056K
  class space    used 2608K, capacity 2806K, committed 2816K, reserved 1048576K
Event: 106.083 GC heap after
Heap after GC invocations=20 (full 1):
 PSYoungGen      total 24576K, used 128K [0x0000000795580000, 0x0000000798300000, 0x00000007c0000000)
  eden space 24064K, 0% used [0x0000000795580000,0x0000000795580000,0x0000000796d00000)
  from space 512K, 25% used [0x0000000796d00000,0x0000000796d20000,0x0000000796d80000)
  to   space 11264K, 0% used [0x0000000797800000,0x0000000797800000,0x0000000798300000)
 ParOldGen       total 52736K, used 22033K [0x0000000740000000, 0x0000000743380000, 0x0000000795580000)
  object space 52736K, 41% used [0x0000000740000000,0x0000000741584758,0x0000000743380000)
 Metaspace       used 20825K, capacity 21520K, committed 21760K, reserved 1069056K
  class space    used 2608K, capacity 2806K, committed 2816K, reserved 1048576K
}
Event: 111.932 GC heap before
{Heap before GC invocations=21 (full 1):
 PSYoungGen      total 24576K, used 24192K [0x0000000795580000, 0x0000000798300000, 0x00000007c0000000)
  eden space 24064K, 100% used [0x0000000795580000,0x0000000796d00000,0x0000000796d00000)
  from space 512K, 25% used [0x0000000796d00000,0x0000000796d20000,0x0000000796d80000)
  to   space 11264K, 0% used [0x0000000797800000,0x0000000797800000,0x0000000798300000)
 ParOldGen       total 52736K, used 22033K [0x0000000740000000, 0x0000000743380000, 0x0000000795580000)
  object space 52736K, 41% used [0x0000000740000000,0x0000000741584758,0x0000000743380000)
 Metaspace       used 20825K, capacity 21520K, committed 21760K, reserved 1069056K
  class space    used 2608K, capacity 2806K, committed 2816K, reserved 1048576K
Event: 111.933 GC heap after
Heap after GC invocations=21 (full 1):
 PSYoungGen      total 34304K, used 128K [0x0000000795580000, 0x0000000798200000, 0x00000007c0000000)
  eden space 24064K, 0% used [0x0000000795580000,0x0000000795580000,0x0000000796d00000)
  from space 10240K, 1% used [0x0000000797800000,0x0000000797820000,0x0000000798200000)
  to   space 10752K, 0% used [0x0000000796d00000,0x0000000796d00000,0x0000000797780000)
 ParOldGen       total 52736K, used 22033K [0x0000000740000000, 0x0000000743380000, 0x0000000795580000)
  object space 52736K, 41% used [0x0000000740000000,0x0000000741584758,0x0000000743380000)
 Metaspace       used 20825K, capacity 21520K, committed 21760K, reserved 1069056K
  class space    used 2608K, capacity 2806K, committed 2816K, reserved 1048576K
}

